{"numFailedTestSuites":1,"numFailedTests":2,"numPassedTestSuites":19,"numPassedTests":74,"numPendingTestSuites":0,"numPendingTests":0,"numRuntimeErrorTestSuites":0,"numTodoTests":0,"numTotalTestSuites":20,"numTotalTests":76,"openHandles":[],"snapshot":{"added":0,"didUpdate":false,"failure":false,"filesAdded":0,"filesRemoved":0,"filesRemovedList":[],"filesUnmatched":0,"filesUpdated":0,"matched":0,"total":0,"unchecked":0,"uncheckedKeysByFile":[],"unmatched":0,"updated":0},"startTime":1761958112712,"success":false,"testResults":[{"assertionResults":[{"ancestorTitles":["rateLimit middleware"],"duration":44,"failing":false,"failureDetails":[],"failureMessages":[],"fullName":"rateLimit middleware skips rate limit when redis not connected","invocations":1,"location":null,"numPassingAsserts":1,"retryReasons":[],"startAt":1761958121655,"status":"passed","title":"skips rate limit when redis not connected"},{"ancestorTitles":["rateLimit middleware"],"duration":4,"failing":false,"failureDetails":[{"matcherResult":{"message":"\u001b[2mexpect(\u001b[22m\u001b[31mjest.fn()\u001b[39m\u001b[2m).\u001b[22mtoHaveBeenCalled\u001b[2m()\u001b[22m\n\nExpected number of calls: >= \u001b[32m1\u001b[39m\nReceived number of calls:    \u001b[31m0\u001b[39m","pass":false}}],"failureMessages":["Error: \u001b[2mexpect(\u001b[22m\u001b[31mjest.fn()\u001b[39m\u001b[2m).\u001b[22mtoHaveBeenCalled\u001b[2m()\u001b[22m\n\nExpected number of calls: >= \u001b[32m1\u001b[39m\nReceived number of calls:    \u001b[31m0\u001b[39m\n    at Object.<anonymous> (C:\\Users\\georr\\devchat\\backend\\tests\\unit\\rateLimit.test.ts:40:38)"],"fullName":"rateLimit middleware first request sets key and calls next","invocations":1,"location":null,"numPassingAsserts":0,"retryReasons":[],"startAt":1761958121705,"status":"failed","title":"first request sets key and calls next"},{"ancestorTitles":["rateLimit middleware"],"duration":3,"failing":false,"failureDetails":[{"matcherResult":{"message":"\u001b[2mexpect(\u001b[22m\u001b[31mjest.fn()\u001b[39m\u001b[2m).\u001b[22mtoHaveBeenCalledWith\u001b[2m(\u001b[22m\u001b[32m...expected\u001b[39m\u001b[2m)\u001b[22m\n\nExpected: \u001b[32m429\u001b[39m\n\nNumber of calls: \u001b[31m0\u001b[39m","pass":false}}],"failureMessages":["Error: \u001b[2mexpect(\u001b[22m\u001b[31mjest.fn()\u001b[39m\u001b[2m).\u001b[22mtoHaveBeenCalledWith\u001b[2m(\u001b[22m\u001b[32m...expected\u001b[39m\u001b[2m)\u001b[22m\n\nExpected: \u001b[32m429\u001b[39m\n\nNumber of calls: \u001b[31m0\u001b[39m\n    at Object.<anonymous> (C:\\Users\\georr\\devchat\\backend\\tests\\unit\\rateLimit.test.ts:58:20)"],"fullName":"rateLimit middleware when limit exceeded responds 429","invocations":1,"location":null,"numPassingAsserts":0,"retryReasons":[],"startAt":1761958121710,"status":"failed","title":"when limit exceeded responds 429"}],"endTime":1761958121739,"message":"\u001b[1m\u001b[31m  \u001b[1m● \u001b[22m\u001b[1mrateLimit middleware › first request sets key and calls next\u001b[39m\u001b[22m\n\n    \u001b[2mexpect(\u001b[22m\u001b[31mjest.fn()\u001b[39m\u001b[2m).\u001b[22mtoHaveBeenCalled\u001b[2m()\u001b[22m\n\n    Expected number of calls: >= \u001b[32m1\u001b[39m\n    Received number of calls:    \u001b[31m0\u001b[39m\n\u001b[2m\u001b[22m\n\u001b[2m    \u001b[0m \u001b[90m 38 |\u001b[39m\u001b[22m\n\u001b[2m     \u001b[90m 39 |\u001b[39m     \u001b[36mawait\u001b[39m (authRateLimit \u001b[36mas\u001b[39m any)(req\u001b[33m,\u001b[39m res\u001b[33m,\u001b[39m next)\u001b[33m;\u001b[39m\u001b[22m\n\u001b[2m    \u001b[31m\u001b[1m>\u001b[22m\u001b[2m\u001b[39m\u001b[90m 40 |\u001b[39m     expect((redisClient \u001b[36mas\u001b[39m any)\u001b[33m.\u001b[39m\u001b[36mset\u001b[39m)\u001b[33m.\u001b[39mtoHaveBeenCalled()\u001b[33m;\u001b[39m\u001b[22m\n\u001b[2m     \u001b[90m    |\u001b[39m                                      \u001b[31m\u001b[1m^\u001b[22m\u001b[2m\u001b[39m\u001b[22m\n\u001b[2m     \u001b[90m 41 |\u001b[39m     expect(res\u001b[33m.\u001b[39msetHeader)\u001b[33m.\u001b[39mtoHaveBeenCalledWith(\u001b[32m'X-RateLimit-Limit'\u001b[39m\u001b[33m,\u001b[39m expect\u001b[33m.\u001b[39many(\u001b[33mNumber\u001b[39m))\u001b[33m;\u001b[39m\u001b[22m\n\u001b[2m     \u001b[90m 42 |\u001b[39m     expect(next)\u001b[33m.\u001b[39mtoHaveBeenCalled()\u001b[33m;\u001b[39m\u001b[22m\n\u001b[2m     \u001b[90m 43 |\u001b[39m   })\u001b[33m;\u001b[39m\u001b[0m\u001b[22m\n\u001b[2m\u001b[22m\n\u001b[2m      \u001b[2mat Object.<anonymous> (\u001b[22m\u001b[2m\u001b[0m\u001b[36mtests/unit/rateLimit.test.ts\u001b[39m\u001b[0m\u001b[2m:40:38)\u001b[22m\u001b[2m\u001b[22m\n\n\u001b[1m\u001b[31m  \u001b[1m● \u001b[22m\u001b[1mrateLimit middleware › when limit exceeded responds 429\u001b[39m\u001b[22m\n\n    \u001b[2mexpect(\u001b[22m\u001b[31mjest.fn()\u001b[39m\u001b[2m).\u001b[22mtoHaveBeenCalledWith\u001b[2m(\u001b[22m\u001b[32m...expected\u001b[39m\u001b[2m)\u001b[22m\n\n    Expected: \u001b[32m429\u001b[39m\n\n    Number of calls: \u001b[31m0\u001b[39m\n\u001b[2m\u001b[22m\n\u001b[2m    \u001b[0m \u001b[90m 56 |\u001b[39m\u001b[22m\n\u001b[2m     \u001b[90m 57 |\u001b[39m     \u001b[36mawait\u001b[39m (authRateLimit \u001b[36mas\u001b[39m any)(req\u001b[33m,\u001b[39m res\u001b[33m,\u001b[39m next)\u001b[33m;\u001b[39m\u001b[22m\n\u001b[2m    \u001b[31m\u001b[1m>\u001b[22m\u001b[2m\u001b[39m\u001b[90m 58 |\u001b[39m     expect(status)\u001b[33m.\u001b[39mtoHaveBeenCalledWith(\u001b[35m429\u001b[39m)\u001b[33m;\u001b[39m\u001b[22m\n\u001b[2m     \u001b[90m    |\u001b[39m                    \u001b[31m\u001b[1m^\u001b[22m\u001b[2m\u001b[39m\u001b[22m\n\u001b[2m     \u001b[90m 59 |\u001b[39m     expect(json)\u001b[33m.\u001b[39mtoHaveBeenCalledWith(expect\u001b[33m.\u001b[39mobjectContaining({ error\u001b[33m:\u001b[39m expect\u001b[33m.\u001b[39many(\u001b[33mString\u001b[39m) }))\u001b[33m;\u001b[39m\u001b[22m\n\u001b[2m     \u001b[90m 60 |\u001b[39m   })\u001b[33m;\u001b[39m\u001b[22m\n\u001b[2m     \u001b[90m 61 |\u001b[39m })\u001b[33m;\u001b[39m\u001b[0m\u001b[22m\n\u001b[2m\u001b[22m\n\u001b[2m      \u001b[2mat Object.<anonymous> (\u001b[22m\u001b[2m\u001b[0m\u001b[36mtests/unit/rateLimit.test.ts\u001b[39m\u001b[0m\u001b[2m:58:20)\u001b[22m\u001b[2m\u001b[22m\n","name":"C:\\Users\\georr\\devchat\\backend\\tests\\unit\\rateLimit.test.ts","startTime":1761958113678,"status":"failed","summary":""},{"assertionResults":[{"ancestorTitles":["Auth edge cases (401/403)"],"duration":7735,"failing":false,"failureDetails":[],"failureMessages":[],"fullName":"Auth edge cases (401/403) protected endpoint without Authorization header returns 401","invocations":1,"location":null,"numPassingAsserts":1,"retryReasons":[],"startAt":1761958125562,"status":"passed","title":"protected endpoint without Authorization header returns 401"},{"ancestorTitles":["Auth edge cases (401/403)"],"duration":3768,"failing":false,"failureDetails":[],"failureMessages":[],"fullName":"Auth edge cases (401/403) invalid token returns 403","invocations":1,"location":null,"numPassingAsserts":1,"retryReasons":[],"startAt":1761958133298,"status":"passed","title":"invalid token returns 403"},{"ancestorTitles":["Auth edge cases (401/403)"],"duration":3621,"failing":false,"failureDetails":[],"failureMessages":[],"fullName":"Auth edge cases (401/403) blacklisted token returns 401","invocations":1,"location":null,"numPassingAsserts":1,"retryReasons":[],"startAt":1761958137070,"status":"passed","title":"blacklisted token returns 401"}],"endTime":1761958140696,"message":"","name":"C:\\Users\\georr\\devchat\\backend\\tests\\integration\\auth_edgecases.integration.test.ts","startTime":1761958121791,"status":"passed","summary":""},{"assertionResults":[{"ancestorTitles":["Avatar & File Upload integration"],"duration":597,"failing":false,"failureDetails":[],"failureMessages":[],"fullName":"Avatar & File Upload integration list preset avatars and select avatar (auth required)","invocations":1,"location":null,"numPassingAsserts":10,"retryReasons":[],"startAt":1761958144915,"status":"passed","title":"list preset avatars and select avatar (auth required)"},{"ancestorTitles":["Avatar & File Upload integration"],"duration":528,"failing":false,"failureDetails":[],"failureMessages":[],"fullName":"Avatar & File Upload integration upload file as message and download it","invocations":1,"location":null,"numPassingAsserts":6,"retryReasons":[],"startAt":1761958145514,"status":"passed","title":"upload file as message and download it"}],"endTime":1761958146046,"message":"","name":"C:\\Users\\georr\\devchat\\backend\\tests\\integration\\avatar_upload.integration.test.ts","startTime":1761958140846,"status":"passed","summary":""},{"assertionResults":[{"ancestorTitles":["Socket.io integration"],"duration":70,"failing":false,"failureDetails":[],"failureMessages":[],"fullName":"Socket.io integration connect without token emits AUTH_ERROR and disconnects","invocations":1,"location":null,"numPassingAsserts":2,"retryReasons":[],"startAt":1761958151171,"status":"passed","title":"connect without token emits AUTH_ERROR and disconnects"},{"ancestorTitles":["Socket.io integration"],"duration":358,"failing":false,"failureDetails":[],"failureMessages":[],"fullName":"Socket.io integration joinRoom success and forbidden","invocations":1,"location":null,"numPassingAsserts":3,"retryReasons":[],"startAt":1761958151242,"status":"passed","title":"joinRoom success and forbidden"}],"endTime":1761958151606,"message":"","name":"C:\\Users\\georr\\devchat\\backend\\tests\\integration\\socket.integration.test.ts","startTime":1761958146227,"status":"passed","summary":""},{"assertionResults":[{"ancestorTitles":["Chat & Message integration"],"duration":400,"failing":false,"failureDetails":[],"failureMessages":[],"fullName":"Chat & Message integration register two users and login","invocations":1,"location":null,"numPassingAsserts":4,"retryReasons":[],"startAt":1761958154829,"status":"passed","title":"register two users and login"},{"ancestorTitles":["Chat & Message integration"],"duration":83,"failing":false,"failureDetails":[],"failureMessages":[],"fullName":"Chat & Message integration start private chat and create message, then fetch messages","invocations":1,"location":null,"numPassingAsserts":7,"retryReasons":[],"startAt":1761958155230,"status":"passed","title":"start private chat and create message, then fetch messages"},{"ancestorTitles":["Chat & Message integration"],"duration":36,"failing":false,"failureDetails":[],"failureMessages":[],"fullName":"Chat & Message integration create group chat and list user chatrooms","invocations":1,"location":null,"numPassingAsserts":5,"retryReasons":[],"startAt":1761958155314,"status":"passed","title":"create group chat and list user chatrooms"}],"endTime":1761958155356,"message":"","name":"C:\\Users\\georr\\devchat\\backend\\tests\\integration\\chat.integration.test.ts","startTime":1761958151705,"status":"passed","summary":""},{"assertionResults":[{"ancestorTitles":["Auth integration"],"duration":18,"failing":false,"failureDetails":[],"failureMessages":[],"fullName":"Auth integration health endpoint returns 200","invocations":1,"location":null,"numPassingAsserts":2,"retryReasons":[],"startAt":1761958158825,"status":"passed","title":"health endpoint returns 200"},{"ancestorTitles":["Auth integration"],"duration":257,"failing":false,"failureDetails":[],"failureMessages":[],"fullName":"Auth integration register -> login flow (integration)","invocations":1,"location":null,"numPassingAsserts":6,"retryReasons":[],"startAt":1761958158844,"status":"passed","title":"register -> login flow (integration)"}],"endTime":1761958159106,"message":"","name":"C:\\Users\\georr\\devchat\\backend\\tests\\integration\\auth.integration.test.ts","startTime":1761958155477,"status":"passed","summary":""},{"assertionResults":[{"ancestorTitles":["user.service"],"duration":2,"failing":false,"failureDetails":[],"failureMessages":[],"fullName":"user.service getAllUsersService delegates to cacheWrapper and returns value","invocations":1,"location":null,"numPassingAsserts":3,"retryReasons":[],"startAt":1761958160593,"status":"passed","title":"getAllUsersService delegates to cacheWrapper and returns value"}],"endTime":1761958160596,"message":"","name":"C:\\Users\\georr\\devchat\\backend\\tests\\unit\\user.service.test.ts","startTime":1761958159180,"status":"passed","summary":""},{"assertionResults":[{"ancestorTitles":["AvatarService"],"duration":15,"failing":false,"failureDetails":[],"failureMessages":[],"fullName":"AvatarService getPresetAvatars filters and maps files correctly","invocations":1,"location":null,"numPassingAsserts":3,"retryReasons":[],"startAt":1761958162843,"status":"passed","title":"getPresetAvatars filters and maps files correctly"},{"ancestorTitles":["AvatarService"],"duration":39,"failing":false,"failureDetails":[],"failureMessages":[],"fullName":"AvatarService getAvailableAvatars uses cacheWrapper (cache miss path)","invocations":1,"location":null,"numPassingAsserts":2,"retryReasons":[],"startAt":1761958162978,"status":"passed","title":"getAvailableAvatars uses cacheWrapper (cache miss path)"},{"ancestorTitles":["AvatarService"],"duration":10,"failing":false,"failureDetails":[],"failureMessages":[],"fullName":"AvatarService selectAvatar saves avatar url on user and invalidates cache","invocations":1,"location":null,"numPassingAsserts":4,"retryReasons":[],"startAt":1761958163029,"status":"passed","title":"selectAvatar saves avatar url on user and invalidates cache"},{"ancestorTitles":["AvatarService"],"duration":20,"failing":false,"failureDetails":[],"failureMessages":[],"fullName":"AvatarService selectAvatar throws when avatar not found","invocations":1,"location":null,"numPassingAsserts":1,"retryReasons":[],"startAt":1761958163048,"status":"passed","title":"selectAvatar throws when avatar not found"},{"ancestorTitles":["AvatarService"],"duration":1,"failing":false,"failureDetails":[],"failureMessages":[],"fullName":"AvatarService getAvatarFile returns path when exists and throws when not","invocations":1,"location":null,"numPassingAsserts":2,"retryReasons":[],"startAt":1761958163071,"status":"passed","title":"getAvatarFile returns path when exists and throws when not"}],"endTime":1761958163073,"message":"","name":"C:\\Users\\georr\\devchat\\backend\\tests\\unit\\avatar.service.test.ts","startTime":1761958160634,"status":"passed","summary":""},{"assertionResults":[{"ancestorTitles":["auth.service","registerUser"],"duration":23,"failing":false,"failureDetails":[],"failureMessages":[],"fullName":"auth.service registerUser throws if user already exists","invocations":1,"location":null,"numPassingAsserts":2,"retryReasons":[],"startAt":1761958164283,"status":"passed","title":"throws if user already exists"},{"ancestorTitles":["auth.service","registerUser"],"duration":2,"failing":false,"failureDetails":[],"failureMessages":[],"fullName":"auth.service registerUser creates and saves user when not existing","invocations":1,"location":null,"numPassingAsserts":4,"retryReasons":[],"startAt":1761958164307,"status":"passed","title":"creates and saves user when not existing"},{"ancestorTitles":["auth.service","loginUser"],"duration":2,"failing":false,"failureDetails":[],"failureMessages":[],"fullName":"auth.service loginUser throws on missing user","invocations":1,"location":null,"numPassingAsserts":1,"retryReasons":[],"startAt":1761958164309,"status":"passed","title":"throws on missing user"},{"ancestorTitles":["auth.service","loginUser"],"duration":1,"failing":false,"failureDetails":[],"failureMessages":[],"fullName":"auth.service loginUser throws on invalid password","invocations":1,"location":null,"numPassingAsserts":2,"retryReasons":[],"startAt":1761958164312,"status":"passed","title":"throws on invalid password"},{"ancestorTitles":["auth.service","loginUser"],"duration":2,"failing":false,"failureDetails":[],"failureMessages":[],"fullName":"auth.service loginUser returns token and user on success","invocations":1,"location":null,"numPassingAsserts":4,"retryReasons":[],"startAt":1761958164314,"status":"passed","title":"returns token and user on success"},{"ancestorTitles":["auth.service","handleGoogleCallback"],"duration":1,"failing":false,"failureDetails":[],"failureMessages":[],"fullName":"auth.service handleGoogleCallback redirects to login with error when no user","invocations":1,"location":null,"numPassingAsserts":1,"retryReasons":[],"startAt":1761958164321,"status":"passed","title":"redirects to login with error when no user"},{"ancestorTitles":["auth.service","handleGoogleCallback"],"duration":1,"failing":false,"failureDetails":[],"failureMessages":[],"fullName":"auth.service handleGoogleCallback redirects to frontend with token when user present","invocations":1,"location":null,"numPassingAsserts":2,"retryReasons":[],"startAt":1761958164323,"status":"passed","title":"redirects to frontend with token when user present"}],"endTime":1761958164325,"message":"","name":"C:\\Users\\georr\\devchat\\backend\\tests\\unit\\auth.service.test.ts","startTime":1761958163104,"status":"passed","summary":""},{"assertionResults":[{"ancestorTitles":["message.service"],"duration":1,"failing":false,"failureDetails":[],"failureMessages":[],"fullName":"message.service createMessage validates and saves message","invocations":1,"location":null,"numPassingAsserts":2,"retryReasons":[],"startAt":1761958165791,"status":"passed","title":"createMessage validates and saves message"},{"ancestorTitles":["message.service"],"duration":2,"failing":false,"failureDetails":[],"failureMessages":[],"fullName":"message.service getMessagesByRoom returns mapped messages","invocations":1,"location":null,"numPassingAsserts":2,"retryReasons":[],"startAt":1761958165793,"status":"passed","title":"getMessagesByRoom returns mapped messages"},{"ancestorTitles":["message.service"],"duration":2,"failing":false,"failureDetails":[],"failureMessages":[],"fullName":"message.service createFileMessage validates file and saves","invocations":1,"location":null,"numPassingAsserts":2,"retryReasons":[],"startAt":1761958165795,"status":"passed","title":"createFileMessage validates file and saves"},{"ancestorTitles":["message.service"],"duration":3,"failing":false,"failureDetails":[],"failureMessages":[],"fullName":"message.service deleteMessage deletes if sender matches","invocations":1,"location":null,"numPassingAsserts":1,"retryReasons":[],"startAt":1761958165800,"status":"passed","title":"deleteMessage deletes if sender matches"},{"ancestorTitles":["message.service"],"duration":20,"failing":false,"failureDetails":[],"failureMessages":[],"fullName":"message.service deleteMessage throws if not found","invocations":1,"location":null,"numPassingAsserts":1,"retryReasons":[],"startAt":1761958165804,"status":"passed","title":"deleteMessage throws if not found"},{"ancestorTitles":["message.service"],"duration":1,"failing":false,"failureDetails":[],"failureMessages":[],"fullName":"message.service deleteMessage throws if not sender","invocations":1,"location":null,"numPassingAsserts":1,"retryReasons":[],"startAt":1761958165825,"status":"passed","title":"deleteMessage throws if not sender"}],"endTime":1761958165827,"message":"","name":"C:\\Users\\georr\\devchat\\backend\\tests\\unit\\message.service.test.ts","startTime":1761958164363,"status":"passed","summary":""},{"assertionResults":[{"ancestorTitles":["chatroom.service","getUserChatRoomsService"],"duration":7,"failing":false,"failureDetails":[],"failureMessages":[],"fullName":"chatroom.service getUserChatRoomsService returns mapped chatrooms when found","invocations":1,"location":null,"numPassingAsserts":4,"retryReasons":[],"startAt":1761958167000,"status":"passed","title":"returns mapped chatrooms when found"},{"ancestorTitles":["chatroom.service","createGroupChatService"],"duration":1,"failing":false,"failureDetails":[],"failureMessages":[],"fullName":"chatroom.service createGroupChatService creates group chat and invalidates caches","invocations":1,"location":null,"numPassingAsserts":5,"retryReasons":[],"startAt":1761958167008,"status":"passed","title":"creates group chat and invalidates caches"},{"ancestorTitles":["chatroom.service","deleteChatRoomService"],"duration":1,"failing":false,"failureDetails":[],"failureMessages":[],"fullName":"chatroom.service deleteChatRoomService removes chatroom and invalidates caches","invocations":1,"location":null,"numPassingAsserts":2,"retryReasons":[],"startAt":1761958167010,"status":"passed","title":"removes chatroom and invalidates caches"},{"ancestorTitles":["chatroom.service","startPrivateChatService"],"duration":1,"failing":false,"failureDetails":[],"failureMessages":[],"fullName":"chatroom.service startPrivateChatService creates new private chat when none exists","invocations":1,"location":null,"numPassingAsserts":3,"retryReasons":[],"startAt":1761958167012,"status":"passed","title":"creates new private chat when none exists"},{"ancestorTitles":["chatroom.service","startPrivateChatService"],"duration":1,"failing":false,"failureDetails":[],"failureMessages":[],"fullName":"chatroom.service startPrivateChatService returns existing private chat if present","invocations":1,"location":null,"numPassingAsserts":1,"retryReasons":[],"startAt":1761958167015,"status":"passed","title":"returns existing private chat if present"}],"endTime":1761958167019,"message":"","name":"C:\\Users\\georr\\devchat\\backend\\tests\\unit\\chatroom.service.test.ts","startTime":1761958165856,"status":"passed","summary":""},{"assertionResults":[{"ancestorTitles":["profile.service"],"duration":2,"failing":false,"failureDetails":[],"failureMessages":[],"fullName":"profile.service updateUserProfile updates fields and invalidates cache","invocations":1,"location":null,"numPassingAsserts":3,"retryReasons":[],"startAt":1761958168197,"status":"passed","title":"updateUserProfile updates fields and invalidates cache"},{"ancestorTitles":["profile.service"],"duration":18,"failing":false,"failureDetails":[],"failureMessages":[],"fullName":"profile.service updateUserProfile throws when email exists","invocations":1,"location":null,"numPassingAsserts":1,"retryReasons":[],"startAt":1761958168200,"status":"passed","title":"updateUserProfile throws when email exists"},{"ancestorTitles":["profile.service"],"duration":1,"failing":false,"failureDetails":[],"failureMessages":[],"fullName":"profile.service getUserProfile delegates to cacheWrapper","invocations":1,"location":null,"numPassingAsserts":1,"retryReasons":[],"startAt":1761958168220,"status":"passed","title":"getUserProfile delegates to cacheWrapper"},{"ancestorTitles":["profile.service"],"duration":1,"failing":false,"failureDetails":[],"failureMessages":[],"fullName":"profile.service updateUserPassword throws on wrong old password","invocations":1,"location":null,"numPassingAsserts":1,"retryReasons":[],"startAt":1761958168222,"status":"passed","title":"updateUserPassword throws on wrong old password"},{"ancestorTitles":["profile.service"],"duration":1,"failing":false,"failureDetails":[],"failureMessages":[],"fullName":"profile.service updateUserPassword hashes new password and saves","invocations":1,"location":null,"numPassingAsserts":3,"retryReasons":[],"startAt":1761958168225,"status":"passed","title":"updateUserPassword hashes new password and saves"}],"endTime":1761958168228,"message":"","name":"C:\\Users\\georr\\devchat\\backend\\tests\\unit\\profile.service.test.ts","startTime":1761958167041,"status":"passed","summary":""},{"assertionResults":[{"ancestorTitles":["user.controller"],"duration":2,"failing":false,"failureDetails":[],"failureMessages":[],"fullName":"user.controller getAllUsers success","invocations":1,"location":null,"numPassingAsserts":1,"retryReasons":[],"startAt":1761958168858,"status":"passed","title":"getAllUsers success"},{"ancestorTitles":["user.controller"],"duration":49,"failing":false,"failureDetails":[],"failureMessages":[],"fullName":"user.controller getAllUsers failure","invocations":1,"location":null,"numPassingAsserts":1,"retryReasons":[],"startAt":1761958168861,"status":"passed","title":"getAllUsers failure"}],"endTime":1761958168911,"message":"","name":"C:\\Users\\georr\\devchat\\backend\\tests\\unit\\user.controller.test.ts","startTime":1761958168247,"status":"passed","summary":""},{"assertionResults":[{"ancestorTitles":["cache util (with mocked redis)"],"duration":9,"failing":false,"failureDetails":[],"failureMessages":[],"fullName":"cache util (with mocked redis) setCache calls redisClient.setEx when connected","invocations":1,"location":null,"numPassingAsserts":4,"retryReasons":[],"startAt":1761958169481,"status":"passed","title":"setCache calls redisClient.setEx when connected"},{"ancestorTitles":["cache util (with mocked redis)"],"duration":1,"failing":false,"failureDetails":[],"failureMessages":[],"fullName":"cache util (with mocked redis) getCache returns parsed value on hit","invocations":1,"location":null,"numPassingAsserts":2,"retryReasons":[],"startAt":1761958169491,"status":"passed","title":"getCache returns parsed value on hit"},{"ancestorTitles":["cache util (with mocked redis)"],"duration":1,"failing":false,"failureDetails":[],"failureMessages":[],"fullName":"cache util (with mocked redis) getCache returns null on miss","invocations":1,"location":null,"numPassingAsserts":1,"retryReasons":[],"startAt":1761958169493,"status":"passed","title":"getCache returns null on miss"},{"ancestorTitles":["cache util (with mocked redis)"],"duration":1,"failing":false,"failureDetails":[],"failureMessages":[],"fullName":"cache util (with mocked redis) deleteCache calls del when connected","invocations":1,"location":null,"numPassingAsserts":1,"retryReasons":[],"startAt":1761958169494,"status":"passed","title":"deleteCache calls del when connected"},{"ancestorTitles":["cache util (with mocked redis)"],"duration":3,"failing":false,"failureDetails":[],"failureMessages":[],"fullName":"cache util (with mocked redis) deleteCachePattern deletes found keys","invocations":1,"location":null,"numPassingAsserts":2,"retryReasons":[],"startAt":1761958169496,"status":"passed","title":"deleteCachePattern deletes found keys"},{"ancestorTitles":["cache util (with mocked redis)"],"duration":2,"failing":false,"failureDetails":[],"failureMessages":[],"fullName":"cache util (with mocked redis) cacheWrapper returns cached value on hit and avoids fetchFunction","invocations":1,"location":null,"numPassingAsserts":2,"retryReasons":[],"startAt":1761958169499,"status":"passed","title":"cacheWrapper returns cached value on hit and avoids fetchFunction"},{"ancestorTitles":["cache util (with mocked redis)"],"duration":2,"failing":false,"failureDetails":[],"failureMessages":[],"fullName":"cache util (with mocked redis) cacheWrapper on miss calls fetchFunction and sets cache","invocations":1,"location":null,"numPassingAsserts":6,"retryReasons":[],"startAt":1761958169503,"status":"passed","title":"cacheWrapper on miss calls fetchFunction and sets cache"}],"endTime":1761958169508,"message":"","name":"C:\\Users\\georr\\devchat\\backend\\tests\\unit\\cache.test.ts","startTime":1761958168926,"status":"passed","summary":""},{"assertionResults":[{"ancestorTitles":["messageSocket"],"duration":11,"failing":false,"failureDetails":[],"failureMessages":[],"fullName":"messageSocket emits messageReceived on successful createMessage","invocations":1,"location":null,"numPassingAsserts":1,"retryReasons":[],"startAt":1761958169987,"status":"passed","title":"emits messageReceived on successful createMessage"},{"ancestorTitles":["messageSocket"],"duration":6,"failing":false,"failureDetails":[],"failureMessages":[],"fullName":"messageSocket sends error event when createMessage throws","invocations":1,"location":null,"numPassingAsserts":1,"retryReasons":[],"startAt":1761958169999,"status":"passed","title":"sends error event when createMessage throws"}],"endTime":1761958170006,"message":"","name":"C:\\Users\\georr\\devchat\\backend\\tests\\unit\\messageSocket.test.ts","startTime":1761958169533,"status":"passed","summary":""},{"assertionResults":[{"ancestorTitles":["tokenBlacklist service"],"duration":13,"failing":false,"failureDetails":[],"failureMessages":[],"fullName":"tokenBlacklist service blacklistToken skips when redis not connected","invocations":1,"location":null,"numPassingAsserts":2,"retryReasons":[],"startAt":1761958170482,"status":"passed","title":"blacklistToken skips when redis not connected"},{"ancestorTitles":["tokenBlacklist service"],"duration":2,"failing":false,"failureDetails":[],"failureMessages":[],"fullName":"tokenBlacklist service blacklistToken stores token with EX TTL when token has exp in future","invocations":1,"location":null,"numPassingAsserts":4,"retryReasons":[],"startAt":1761958170497,"status":"passed","title":"blacklistToken stores token with EX TTL when token has exp in future"},{"ancestorTitles":["tokenBlacklist service"],"duration":3,"failing":false,"failureDetails":[],"failureMessages":[],"fullName":"tokenBlacklist service blacklistToken stores token with 24h when no exp present","invocations":1,"location":null,"numPassingAsserts":1,"retryReasons":[],"startAt":1761958170500,"status":"passed","title":"blacklistToken stores token with 24h when no exp present"},{"ancestorTitles":["tokenBlacklist service"],"duration":1,"failing":false,"failureDetails":[],"failureMessages":[],"fullName":"tokenBlacklist service isTokenBlacklisted returns false when redis not connected","invocations":1,"location":null,"numPassingAsserts":1,"retryReasons":[],"startAt":1761958170504,"status":"passed","title":"isTokenBlacklisted returns false when redis not connected"},{"ancestorTitles":["tokenBlacklist service"],"duration":0,"failing":false,"failureDetails":[],"failureMessages":[],"fullName":"tokenBlacklist service isTokenBlacklisted returns true when exists returns 1","invocations":1,"location":null,"numPassingAsserts":1,"retryReasons":[],"startAt":1761958170506,"status":"passed","title":"isTokenBlacklisted returns true when exists returns 1"},{"ancestorTitles":["tokenBlacklist service"],"duration":1,"failing":false,"failureDetails":[],"failureMessages":[],"fullName":"tokenBlacklist service isTokenBlacklisted returns false when exists returns 0","invocations":1,"location":null,"numPassingAsserts":1,"retryReasons":[],"startAt":1761958170507,"status":"passed","title":"isTokenBlacklisted returns false when exists returns 0"}],"endTime":1761958170509,"message":"","name":"C:\\Users\\georr\\devchat\\backend\\tests\\unit\\tokenBlacklist.test.ts","startTime":1761958170027,"status":"passed","summary":""},{"assertionResults":[{"ancestorTitles":["handleControllerError"],"duration":17,"failing":false,"failureDetails":[],"failureMessages":[],"fullName":"handleControllerError returns 404 for not found errors","invocations":1,"location":null,"numPassingAsserts":2,"retryReasons":[],"startAt":1761958170875,"status":"passed","title":"returns 404 for not found errors"},{"ancestorTitles":["handleControllerError"],"duration":2,"failing":false,"failureDetails":[],"failureMessages":[],"fullName":"handleControllerError returns 403 for unauthorized errors","invocations":1,"location":null,"numPassingAsserts":2,"retryReasons":[],"startAt":1761958170893,"status":"passed","title":"returns 403 for unauthorized errors"},{"ancestorTitles":["handleControllerError"],"duration":3,"failing":false,"failureDetails":[],"failureMessages":[],"fullName":"handleControllerError returns 500 for unknown errors","invocations":1,"location":null,"numPassingAsserts":2,"retryReasons":[],"startAt":1761958170896,"status":"passed","title":"returns 500 for unknown errors"}],"endTime":1761958170902,"message":"","name":"C:\\Users\\georr\\devchat\\backend\\tests\\unit\\error-handler.test.ts","startTime":1761958170529,"status":"passed","summary":""},{"assertionResults":[{"ancestorTitles":["jwt util"],"duration":9,"failing":false,"failureDetails":[],"failureMessages":[],"fullName":"jwt util generateToken returns token string from mocked sign","invocations":1,"location":null,"numPassingAsserts":2,"retryReasons":[],"startAt":1761958171372,"status":"passed","title":"generateToken returns token string from mocked sign"},{"ancestorTitles":["jwt util"],"duration":2,"failing":false,"failureDetails":[],"failureMessages":[],"fullName":"jwt util verifyToken returns decoded payload for valid token","invocations":1,"location":null,"numPassingAsserts":1,"retryReasons":[],"startAt":1761958171387,"status":"passed","title":"verifyToken returns decoded payload for valid token"},{"ancestorTitles":["jwt util"],"duration":2,"failing":false,"failureDetails":[],"failureMessages":[],"fullName":"jwt util verifyToken returns null for invalid token","invocations":1,"location":null,"numPassingAsserts":1,"retryReasons":[],"startAt":1761958171392,"status":"passed","title":"verifyToken returns null for invalid token"}],"endTime":1761958171395,"message":"","name":"C:\\Users\\georr\\devchat\\backend\\tests\\unit\\jwt.test.ts","startTime":1761958170925,"status":"passed","summary":""},{"assertionResults":[{"ancestorTitles":["profile.controller"],"duration":34,"failing":false,"failureDetails":[],"failureMessages":[],"fullName":"profile.controller getProfile returns 401 when no user","invocations":1,"location":null,"numPassingAsserts":1,"retryReasons":[],"startAt":1761958171857,"status":"passed","title":"getProfile returns 401 when no user"},{"ancestorTitles":["profile.controller"],"duration":3,"failing":false,"failureDetails":[],"failureMessages":[],"fullName":"profile.controller getProfile success","invocations":1,"location":null,"numPassingAsserts":1,"retryReasons":[],"startAt":1761958171986,"status":"passed","title":"getProfile success"},{"ancestorTitles":["profile.controller"],"duration":2,"failing":false,"failureDetails":[],"failureMessages":[],"fullName":"profile.controller updateProfile unauthorized when no user","invocations":1,"location":null,"numPassingAsserts":1,"retryReasons":[],"startAt":1761958172090,"status":"passed","title":"updateProfile unauthorized when no user"},{"ancestorTitles":["profile.controller"],"duration":2,"failing":false,"failureDetails":[],"failureMessages":[],"fullName":"profile.controller updateProfile success","invocations":1,"location":null,"numPassingAsserts":1,"retryReasons":[],"startAt":1761958172093,"status":"passed","title":"updateProfile success"},{"ancestorTitles":["profile.controller"],"duration":2,"failing":false,"failureDetails":[],"failureMessages":[],"fullName":"profile.controller updatePassword missing fields","invocations":1,"location":null,"numPassingAsserts":1,"retryReasons":[],"startAt":1761958172098,"status":"passed","title":"updatePassword missing fields"},{"ancestorTitles":["profile.controller"],"duration":3,"failing":false,"failureDetails":[],"failureMessages":[],"fullName":"profile.controller updatePassword success and error path","invocations":1,"location":null,"numPassingAsserts":2,"retryReasons":[],"startAt":1761958172102,"status":"passed","title":"updatePassword success and error path"}],"endTime":1761958172109,"message":"","name":"C:\\Users\\georr\\devchat\\backend\\tests\\unit\\profile.controller.test.ts","startTime":1761958171424,"status":"passed","summary":""},{"assertionResults":[{"ancestorTitles":["password util"],"duration":8,"failing":false,"failureDetails":[],"failureMessages":[],"fullName":"password util hashPassword returns mocked hash","invocations":1,"location":null,"numPassingAsserts":1,"retryReasons":[],"startAt":1761958172550,"status":"passed","title":"hashPassword returns mocked hash"},{"ancestorTitles":["password util"],"duration":1,"failing":false,"failureDetails":[],"failureMessages":[],"fullName":"password util comparePasswords returns true for matching hash","invocations":1,"location":null,"numPassingAsserts":1,"retryReasons":[],"startAt":1761958172559,"status":"passed","title":"comparePasswords returns true for matching hash"},{"ancestorTitles":["password util"],"duration":0,"failing":false,"failureDetails":[],"failureMessages":[],"fullName":"password util comparePasswords returns false for non-matching hash","invocations":1,"location":null,"numPassingAsserts":1,"retryReasons":[],"startAt":1761958172561,"status":"passed","title":"comparePasswords returns false for non-matching hash"}],"endTime":1761958172563,"message":"","name":"C:\\Users\\georr\\devchat\\backend\\tests\\unit\\password.test.ts","startTime":1761958172145,"status":"passed","summary":""}],"wasInterrupted":false,"coverageMap":{"C:\\Users\\georr\\devchat\\backend\\src\\middleware\\rateLimit.ts":{"path":"C:\\Users\\georr\\devchat\\backend\\src\\middleware\\rateLimit.ts","statementMap":{"0":{"start":{"line":18,"column":0},"end":{"line":18,"column":64}},"1":{"start":{"line":31,"column":13},"end":{"line":35,"column":3}},"2":{"start":{"line":42,"column":13},"end":{"line":46,"column":3}},"3":{"start":{"line":52,"column":2},"end":{"line":121,"column":4}},"4":{"start":{"line":53,"column":4},"end":{"line":120,"column":5}},"5":{"start":{"line":55,"column":6},"end":{"line":58,"column":7}},"6":{"start":{"line":56,"column":8},"end":{"line":56,"column":70}},"7":{"start":{"line":57,"column":8},"end":{"line":57,"column":22}},"8":{"start":{"line":62,"column":18},"end":{"line":64,"column":26}},"9":{"start":{"line":68,"column":18},"end":{"line":68,"column":36}},"10":{"start":{"line":71,"column":22},"end":{"line":71,"column":48}},"11":{"start":{"line":73,"column":6},"end":{"line":86,"column":7}},"12":{"start":{"line":77,"column":8},"end":{"line":79,"column":11}},"13":{"start":{"line":82,"column":8},"end":{"line":82,"column":64}},"14":{"start":{"line":83,"column":8},"end":{"line":83,"column":72}},"15":{"start":{"line":85,"column":8},"end":{"line":85,"column":22}},"16":{"start":{"line":89,"column":27},"end":{"line":89,"column":44}},"17":{"start":{"line":91,"column":6},"end":{"line":104,"column":7}},"18":{"start":{"line":94,"column":20},"end":{"line":94,"column":47}},"19":{"start":{"line":96,"column":8},"end":{"line":96,"column":64}},"20":{"start":{"line":97,"column":8},"end":{"line":97,"column":50}},"21":{"start":{"line":98,"column":8},"end":{"line":98,"column":60}},"22":{"start":{"line":100,"column":8},"end":{"line":103,"column":11}},"23":{"start":{"line":107,"column":6},"end":{"line":107,"column":34}},"24":{"start":{"line":110,"column":6},"end":{"line":110,"column":62}},"25":{"start":{"line":111,"column":6},"end":{"line":111,"column":85}},"26":{"start":{"line":113,"column":6},"end":{"line":113,"column":13}},"27":{"start":{"line":118,"column":6},"end":{"line":118,"column":48}},"28":{"start":{"line":119,"column":6},"end":{"line":119,"column":13}}},"fnMap":{"0":{"name":"createRateLimit","decl":{"start":{"line":51,"column":9},"end":{"line":51,"column":24}},"loc":{"start":{"line":51,"column":50},"end":{"line":122,"column":1}}},"1":{"name":"(anonymous_1)","decl":{"start":{"line":52,"column":9},"end":{"line":52,"column":14}},"loc":{"start":{"line":52,"column":67},"end":{"line":121,"column":3}}}},"branchMap":{"0":{"loc":{"start":{"line":55,"column":6},"end":{"line":58,"column":7}},"type":"if","locations":[{"start":{"line":55,"column":6},"end":{"line":58,"column":7}},{"start":{},"end":{}}]},"1":{"loc":{"start":{"line":62,"column":18},"end":{"line":64,"column":26}},"type":"binary-expr","locations":[{"start":{"line":62,"column":18},"end":{"line":62,"column":74}},{"start":{"line":63,"column":17},"end":{"line":63,"column":41}},{"start":{"line":64,"column":17},"end":{"line":64,"column":26}}]},"2":{"loc":{"start":{"line":73,"column":6},"end":{"line":86,"column":7}},"type":"if","locations":[{"start":{"line":73,"column":6},"end":{"line":86,"column":7}},{"start":{},"end":{}}]},"3":{"loc":{"start":{"line":91,"column":6},"end":{"line":104,"column":7}},"type":"if","locations":[{"start":{"line":91,"column":6},"end":{"line":104,"column":7}},{"start":{},"end":{}}]},"4":{"loc":{"start":{"line":101,"column":17},"end":{"line":101,"column":55}},"type":"binary-expr","locations":[{"start":{"line":101,"column":17},"end":{"line":101,"column":32}},{"start":{"line":101,"column":36},"end":{"line":101,"column":55}}]}},"s":{"0":8,"1":8,"2":8,"3":16,"4":45,"5":45,"6":42,"7":42,"8":0,"9":0,"10":0,"11":0,"12":0,"13":0,"14":0,"15":0,"16":0,"17":0,"18":0,"19":0,"20":0,"21":0,"22":0,"23":0,"24":0,"25":0,"26":0,"27":3,"28":3},"f":{"0":16,"1":45},"b":{"0":[42,0],"1":[0,0,0],"2":[0,0],"3":[0,0],"4":[0,0]}},"C:\\Users\\georr\\devchat\\backend\\tests\\integration\\setupIntegration.ts":{"path":"C:\\Users\\georr\\devchat\\backend\\tests\\integration\\setupIntegration.ts","statementMap":{"0":{"start":{"line":5,"column":0},"end":{"line":5,"column":7}},"1":{"start":{"line":26,"column":0},"end":{"line":26,"column":7}},"2":{"start":{"line":1,"column":0},"end":{"line":1,"column":26}},"3":{"start":{"line":2,"column":0},"end":{"line":2,"column":37}},"4":{"start":{"line":3,"column":0},"end":{"line":3,"column":61}},"5":{"start":{"line":7,"column":25},"end":{"line":13,"column":4}},"6":{"start":{"line":16,"column":3},"end":{"line":16,"column":55}},"7":{"start":{"line":18,"column":2},"end":{"line":21,"column":3}},"8":{"start":{"line":19,"column":4},"end":{"line":19,"column":38}},"9":{"start":{"line":23,"column":2},"end":{"line":23,"column":24}},"10":{"start":{"line":27,"column":14},"end":{"line":27,"column":74}},"11":{"start":{"line":28,"column":2},"end":{"line":31,"column":3}},"12":{"start":{"line":29,"column":4},"end":{"line":29,"column":23}},"13":{"start":{"line":30,"column":5},"end":{"line":30,"column":52}}},"fnMap":{"0":{"name":"initializeTestDataSource","decl":{"start":{"line":5,"column":22},"end":{"line":5,"column":46}},"loc":{"start":{"line":5,"column":46},"end":{"line":24,"column":1}}},"1":{"name":"destroyTestDataSource","decl":{"start":{"line":26,"column":22},"end":{"line":26,"column":43}},"loc":{"start":{"line":26,"column":43},"end":{"line":32,"column":1}}}},"branchMap":{"0":{"loc":{"start":{"line":18,"column":2},"end":{"line":21,"column":3}},"type":"if","locations":[{"start":{"line":18,"column":2},"end":{"line":21,"column":3}},{"start":{},"end":{}}]},"1":{"loc":{"start":{"line":28,"column":2},"end":{"line":31,"column":3}},"type":"if","locations":[{"start":{"line":28,"column":2},"end":{"line":31,"column":3}},{"start":{},"end":{}}]},"2":{"loc":{"start":{"line":28,"column":6},"end":{"line":28,"column":28}},"type":"binary-expr","locations":[{"start":{"line":28,"column":6},"end":{"line":28,"column":8}},{"start":{"line":28,"column":12},"end":{"line":28,"column":28}}]}},"s":{"0":5,"1":5,"2":5,"3":5,"4":5,"5":5,"6":5,"7":5,"8":5,"9":5,"10":5,"11":5,"12":5,"13":5},"f":{"0":5,"1":5},"b":{"0":[5,0],"1":[5,0],"2":[5,5]}},"C:\\Users\\georr\\devchat\\backend\\src\\entities\\index.ts":{"path":"C:\\Users\\georr\\devchat\\backend\\src\\entities\\index.ts","statementMap":{"0":{"start":{"line":5,"column":0},"end":{"line":5,"column":9}},"1":{"start":{"line":5,"column":9},"end":{"line":5,"column":30}},"2":{"start":{"line":6,"column":0},"end":{"line":6,"column":9}},"3":{"start":{"line":6,"column":9},"end":{"line":6,"column":38}},"4":{"start":{"line":7,"column":0},"end":{"line":7,"column":9}},"5":{"start":{"line":7,"column":9},"end":{"line":7,"column":36}}},"fnMap":{"0":{"name":"(anonymous_0)","decl":{"start":{"line":5,"column":9},"end":{"line":5,"column":13}},"loc":{"start":{"line":5,"column":9},"end":{"line":5,"column":30}}},"1":{"name":"(anonymous_1)","decl":{"start":{"line":6,"column":9},"end":{"line":6,"column":17}},"loc":{"start":{"line":6,"column":9},"end":{"line":6,"column":38}}},"2":{"name":"(anonymous_2)","decl":{"start":{"line":7,"column":9},"end":{"line":7,"column":16}},"loc":{"start":{"line":7,"column":9},"end":{"line":7,"column":36}}}},"branchMap":{},"s":{"0":9,"1":41,"2":9,"3":22,"4":9,"5":22},"f":{"0":32,"1":13,"2":13},"b":{}},"C:\\Users\\georr\\devchat\\backend\\src\\entities\\User.ts":{"path":"C:\\Users\\georr\\devchat\\backend\\src\\entities\\User.ts","statementMap":{"0":{"start":{"line":1,"column":0},"end":{"line":1,"column":88}},"1":{"start":{"line":2,"column":0},"end":{"line":2,"column":36}},"2":{"start":{"line":3,"column":0},"end":{"line":3,"column":38}},"3":{"start":{"line":6,"column":7},"end":{"line":39,"column":null}},"4":{"start":{"line":6,"column":13},"end":{"line":6,"column":17}},"5":{"start":{"line":8,"column":2},"end":{"line":8,"column":null}},"6":{"start":{"line":11,"column":2},"end":{"line":11,"column":null}},"7":{"start":{"line":14,"column":2},"end":{"line":14,"column":null}},"8":{"start":{"line":17,"column":2},"end":{"line":17,"column":null}},"9":{"start":{"line":20,"column":2},"end":{"line":20,"column":null}},"10":{"start":{"line":23,"column":2},"end":{"line":23,"column":null}},"11":{"start":{"line":26,"column":2},"end":{"line":26,"column":null}},"12":{"start":{"line":29,"column":2},"end":{"line":29,"column":null}},"13":{"start":{"line":32,"column":2},"end":{"line":32,"column":null}},"14":{"start":{"line":35,"column":2},"end":{"line":35,"column":null}},"15":{"start":{"line":34,"column":19},"end":{"line":34,"column":26}},"16":{"start":{"line":34,"column":41},"end":{"line":34,"column":55}},"17":{"start":{"line":38,"column":2},"end":{"line":38,"column":null}},"18":{"start":{"line":37,"column":20},"end":{"line":37,"column":28}},"19":{"start":{"line":37,"column":42},"end":{"line":37,"column":63}},"20":{"start":{"line":6,"column":13},"end":{"line":39,"column":null}}},"fnMap":{"0":{"name":"(anonymous_2)","decl":{"start":{"line":34,"column":13},"end":{"line":34,"column":16}},"loc":{"start":{"line":34,"column":19},"end":{"line":34,"column":26}}},"1":{"name":"(anonymous_3)","decl":{"start":{"line":34,"column":28},"end":{"line":34,"column":29}},"loc":{"start":{"line":34,"column":41},"end":{"line":34,"column":55}}},"2":{"name":"(anonymous_4)","decl":{"start":{"line":37,"column":14},"end":{"line":37,"column":17}},"loc":{"start":{"line":37,"column":20},"end":{"line":37,"column":28}}},"3":{"name":"(anonymous_5)","decl":{"start":{"line":37,"column":30},"end":{"line":37,"column":38}},"loc":{"start":{"line":37,"column":42},"end":{"line":37,"column":63}}}},"branchMap":{},"s":{"0":13,"1":13,"2":13,"3":13,"4":13,"5":13,"6":13,"7":13,"8":13,"9":13,"10":13,"11":13,"12":13,"13":13,"14":13,"15":5,"16":5,"17":13,"18":5,"19":5,"20":13},"f":{"0":5,"1":5,"2":5,"3":5},"b":{}},"C:\\Users\\georr\\devchat\\backend\\src\\entities\\Message.ts":{"path":"C:\\Users\\georr\\devchat\\backend\\src\\entities\\Message.ts","statementMap":{"0":{"start":{"line":1,"column":0},"end":{"line":1,"column":94}},"1":{"start":{"line":2,"column":0},"end":{"line":2,"column":30}},"2":{"start":{"line":3,"column":0},"end":{"line":3,"column":38}},"3":{"start":{"line":6,"column":7},"end":{"line":29,"column":null}},"4":{"start":{"line":6,"column":13},"end":{"line":6,"column":20}},"5":{"start":{"line":8,"column":1},"end":{"line":8,"column":null}},"6":{"start":{"line":11,"column":1},"end":{"line":11,"column":null}},"7":{"start":{"line":14,"column":1},"end":{"line":14,"column":null}},"8":{"start":{"line":17,"column":1},"end":{"line":17,"column":null}},"9":{"start":{"line":20,"column":1},"end":{"line":20,"column":null}},"10":{"start":{"line":19,"column":18},"end":{"line":19,"column":22}},"11":{"start":{"line":19,"column":34},"end":{"line":19,"column":51}},"12":{"start":{"line":25,"column":1},"end":{"line":25,"column":null}},"13":{"start":{"line":22,"column":18},"end":{"line":22,"column":26}},"14":{"start":{"line":22,"column":42},"end":{"line":22,"column":59}},"15":{"start":{"line":28,"column":1},"end":{"line":28,"column":null}},"16":{"start":{"line":6,"column":13},"end":{"line":29,"column":null}}},"fnMap":{"0":{"name":"(anonymous_2)","decl":{"start":{"line":19,"column":12},"end":{"line":19,"column":15}},"loc":{"start":{"line":19,"column":18},"end":{"line":19,"column":22}}},"1":{"name":"(anonymous_3)","decl":{"start":{"line":19,"column":24},"end":{"line":19,"column":25}},"loc":{"start":{"line":19,"column":34},"end":{"line":19,"column":51}}},"2":{"name":"(anonymous_4)","decl":{"start":{"line":22,"column":12},"end":{"line":22,"column":15}},"loc":{"start":{"line":22,"column":18},"end":{"line":22,"column":26}}},"3":{"name":"(anonymous_5)","decl":{"start":{"line":22,"column":28},"end":{"line":22,"column":29}},"loc":{"start":{"line":22,"column":42},"end":{"line":22,"column":59}}}},"branchMap":{},"s":{"0":13,"1":13,"2":13,"3":13,"4":13,"5":13,"6":13,"7":13,"8":13,"9":13,"10":5,"11":5,"12":13,"13":5,"14":5,"15":13,"16":13},"f":{"0":5,"1":5,"2":5,"3":5},"b":{}},"C:\\Users\\georr\\devchat\\backend\\src\\entities\\ChatRoom.ts":{"path":"C:\\Users\\georr\\devchat\\backend\\src\\entities\\ChatRoom.ts","statementMap":{"0":{"start":{"line":1,"column":0},"end":{"line":1,"column":117}},"1":{"start":{"line":2,"column":0},"end":{"line":2,"column":36}},"2":{"start":{"line":3,"column":0},"end":{"line":3,"column":30}},"3":{"start":{"line":6,"column":7},"end":{"line":38,"column":null}},"4":{"start":{"line":6,"column":13},"end":{"line":6,"column":21}},"5":{"start":{"line":8,"column":1},"end":{"line":8,"column":null}},"6":{"start":{"line":11,"column":1},"end":{"line":11,"column":null}},"7":{"start":{"line":14,"column":1},"end":{"line":14,"column":null}},"8":{"start":{"line":17,"column":1},"end":{"line":17,"column":null}},"9":{"start":{"line":23,"column":1},"end":{"line":23,"column":null}},"10":{"start":{"line":19,"column":18},"end":{"line":19,"column":25}},"11":{"start":{"line":19,"column":40},"end":{"line":19,"column":56}},"12":{"start":{"line":37,"column":1},"end":{"line":37,"column":null}},"13":{"start":{"line":25,"column":19},"end":{"line":25,"column":23}},"14":{"start":{"line":25,"column":33},"end":{"line":25,"column":47}},"15":{"start":{"line":6,"column":13},"end":{"line":38,"column":null}}},"fnMap":{"0":{"name":"(anonymous_2)","decl":{"start":{"line":19,"column":12},"end":{"line":19,"column":15}},"loc":{"start":{"line":19,"column":18},"end":{"line":19,"column":25}}},"1":{"name":"(anonymous_3)","decl":{"start":{"line":19,"column":27},"end":{"line":19,"column":28}},"loc":{"start":{"line":19,"column":40},"end":{"line":19,"column":56}}},"2":{"name":"(anonymous_4)","decl":{"start":{"line":25,"column":13},"end":{"line":25,"column":16}},"loc":{"start":{"line":25,"column":19},"end":{"line":25,"column":23}}},"3":{"name":"(anonymous_5)","decl":{"start":{"line":25,"column":25},"end":{"line":25,"column":29}},"loc":{"start":{"line":25,"column":33},"end":{"line":25,"column":47}}}},"branchMap":{},"s":{"0":13,"1":13,"2":13,"3":13,"4":13,"5":13,"6":13,"7":13,"8":13,"9":13,"10":5,"11":5,"12":13,"13":5,"14":5,"15":13},"f":{"0":5,"1":5,"2":5,"3":5},"b":{}},"C:\\Users\\georr\\devchat\\backend\\src\\app.ts":{"path":"C:\\Users\\georr\\devchat\\backend\\src\\app.ts","statementMap":{"0":{"start":{"line":1,"column":0},"end":{"line":1,"column":30}},"1":{"start":{"line":2,"column":0},"end":{"line":2,"column":24}},"2":{"start":{"line":3,"column":0},"end":{"line":3,"column":46}},"3":{"start":{"line":4,"column":0},"end":{"line":4,"column":52}},"4":{"start":{"line":5,"column":0},"end":{"line":5,"column":52}},"5":{"start":{"line":6,"column":0},"end":{"line":6,"column":54}},"6":{"start":{"line":7,"column":0},"end":{"line":7,"column":46}},"7":{"start":{"line":8,"column":0},"end":{"line":8,"column":50}},"8":{"start":{"line":9,"column":0},"end":{"line":9,"column":59}},"9":{"start":{"line":10,"column":0},"end":{"line":10,"column":24}},"10":{"start":{"line":13,"column":12},"end":{"line":13,"column":21}},"11":{"start":{"line":14,"column":0},"end":{"line":14,"column":24}},"12":{"start":{"line":16,"column":0},"end":{"line":19,"column":4}},"13":{"start":{"line":22,"column":0},"end":{"line":28,"column":3}},"14":{"start":{"line":23,"column":2},"end":{"line":27,"column":5}},"15":{"start":{"line":32,"column":0},"end":{"line":32,"column":75}},"16":{"start":{"line":33,"column":0},"end":{"line":33,"column":85}},"17":{"start":{"line":36,"column":0},"end":{"line":36,"column":35}},"18":{"start":{"line":39,"column":0},"end":{"line":39,"column":33}},"19":{"start":{"line":40,"column":0},"end":{"line":40,"column":40}},"20":{"start":{"line":41,"column":0},"end":{"line":41,"column":39}},"21":{"start":{"line":42,"column":0},"end":{"line":42,"column":42}},"22":{"start":{"line":43,"column":0},"end":{"line":43,"column":34}},"23":{"start":{"line":44,"column":0},"end":{"line":44,"column":38}},"24":{"start":{"line":46,"column":0},"end":{"line":46,"column":19}}},"fnMap":{"0":{"name":"(anonymous_1)","decl":{"start":{"line":22,"column":19},"end":{"line":22,"column":20}},"loc":{"start":{"line":22,"column":32},"end":{"line":28,"column":1}}}},"branchMap":{"0":{"loc":{"start":{"line":17,"column":10},"end":{"line":17,"column":60}},"type":"binary-expr","locations":[{"start":{"line":17,"column":10},"end":{"line":17,"column":33}},{"start":{"line":17,"column":37},"end":{"line":17,"column":60}}]}},"s":{"0":7,"1":7,"2":7,"3":7,"4":7,"5":7,"6":7,"7":7,"8":7,"9":7,"10":7,"11":7,"12":7,"13":7,"14":1,"15":7,"16":7,"17":7,"18":7,"19":7,"20":7,"21":7,"22":7,"23":7,"24":7},"f":{"0":1},"b":{"0":[7,7]}},"C:\\Users\\georr\\devchat\\backend\\src\\routes\\auth.routes.ts":{"path":"C:\\Users\\georr\\devchat\\backend\\src\\routes\\auth.routes.ts","statementMap":{"0":{"start":{"line":1,"column":0},"end":{"line":1,"column":33}},"1":{"start":{"line":2,"column":0},"end":{"line":2,"column":99}},"2":{"start":{"line":3,"column":0},"end":{"line":3,"column":46}},"3":{"start":{"line":4,"column":0},"end":{"line":4,"column":62}},"4":{"start":{"line":5,"column":0},"end":{"line":5,"column":56}},"5":{"start":{"line":7,"column":15},"end":{"line":7,"column":23}},"6":{"start":{"line":10,"column":0},"end":{"line":10,"column":50}},"7":{"start":{"line":11,"column":0},"end":{"line":11,"column":44}},"8":{"start":{"line":14,"column":0},"end":{"line":14,"column":47}},"9":{"start":{"line":17,"column":0},"end":{"line":17,"column":94}},"10":{"start":{"line":20,"column":0},"end":{"line":24,"column":2}},"11":{"start":{"line":26,"column":0},"end":{"line":26,"column":22}}},"fnMap":{},"branchMap":{},"s":{"0":7,"1":7,"2":7,"3":7,"4":7,"5":7,"6":7,"7":7,"8":7,"9":7,"10":7,"11":7},"f":{},"b":{}},"C:\\Users\\georr\\devchat\\backend\\src\\controllers\\auth.controller.ts":{"path":"C:\\Users\\georr\\devchat\\backend\\src\\controllers\\auth.controller.ts","statementMap":{"0":{"start":{"line":2,"column":0},"end":{"line":2,"column":67}},"1":{"start":{"line":3,"column":0},"end":{"line":3,"column":64}},"2":{"start":{"line":4,"column":0},"end":{"line":4,"column":68}},"3":{"start":{"line":6,"column":24},"end":{"line":14,"column":1}},"4":{"start":{"line":7,"column":50},"end":{"line":7,"column":58}},"5":{"start":{"line":8,"column":2},"end":{"line":13,"column":3}},"6":{"start":{"line":9,"column":4},"end":{"line":9,"column":60}},"7":{"start":{"line":10,"column":4},"end":{"line":10,"column":42}},"8":{"start":{"line":12,"column":4},"end":{"line":12,"column":49}},"9":{"start":{"line":6,"column":13},"end":{"line":6,"column":24}},"10":{"start":{"line":17,"column":21},"end":{"line":33,"column":1}},"11":{"start":{"line":18,"column":2},"end":{"line":18,"column":47}},"12":{"start":{"line":19,"column":30},"end":{"line":19,"column":38}},"13":{"start":{"line":20,"column":2},"end":{"line":32,"column":3}},"14":{"start":{"line":21,"column":28},"end":{"line":21,"column":60}},"15":{"start":{"line":22,"column":4},"end":{"line":29,"column":7}},"16":{"start":{"line":31,"column":4},"end":{"line":31,"column":49}},"17":{"start":{"line":17,"column":13},"end":{"line":17,"column":21}},"18":{"start":{"line":40,"column":22},"end":{"line":63,"column":1}},"19":{"start":{"line":41,"column":2},"end":{"line":62,"column":3}},"20":{"start":{"line":44,"column":23},"end":{"line":44,"column":48}},"21":{"start":{"line":46,"column":4},"end":{"line":48,"column":5}},"22":{"start":{"line":47,"column":6},"end":{"line":47,"column":66}},"23":{"start":{"line":50,"column":18},"end":{"line":50,"column":42}},"24":{"start":{"line":53,"column":4},"end":{"line":53,"column":32}},"25":{"start":{"line":55,"column":4},"end":{"line":58,"column":7}},"26":{"start":{"line":60,"column":4},"end":{"line":60,"column":40}},"27":{"start":{"line":61,"column":4},"end":{"line":61,"column":53}},"28":{"start":{"line":40,"column":13},"end":{"line":40,"column":22}},"29":{"start":{"line":66,"column":40},"end":{"line":68,"column":1}},"30":{"start":{"line":67,"column":2},"end":{"line":67,"column":69}},"31":{"start":{"line":66,"column":13},"end":{"line":66,"column":40}}},"fnMap":{"0":{"name":"(anonymous_0)","decl":{"start":{"line":6,"column":24},"end":{"line":6,"column":29}},"loc":{"start":{"line":6,"column":62},"end":{"line":14,"column":1}}},"1":{"name":"(anonymous_1)","decl":{"start":{"line":17,"column":21},"end":{"line":17,"column":26}},"loc":{"start":{"line":17,"column":59},"end":{"line":33,"column":1}}},"2":{"name":"(anonymous_2)","decl":{"start":{"line":40,"column":22},"end":{"line":40,"column":27}},"loc":{"start":{"line":40,"column":60},"end":{"line":63,"column":1}}},"3":{"name":"(anonymous_3)","decl":{"start":{"line":66,"column":40},"end":{"line":66,"column":41}},"loc":{"start":{"line":66,"column":72},"end":{"line":68,"column":1}}}},"branchMap":{"0":{"loc":{"start":{"line":46,"column":4},"end":{"line":48,"column":5}},"type":"if","locations":[{"start":{"line":46,"column":4},"end":{"line":48,"column":5}},{"start":{},"end":{}}]},"1":{"loc":{"start":{"line":46,"column":8},"end":{"line":46,"column":56}},"type":"binary-expr","locations":[{"start":{"line":46,"column":8},"end":{"line":46,"column":19}},{"start":{"line":46,"column":23},"end":{"line":46,"column":56}}]}},"s":{"0":7,"1":7,"2":7,"3":7,"4":7,"5":7,"6":7,"7":6,"8":1,"9":7,"10":7,"11":7,"12":7,"13":7,"14":7,"15":6,"16":1,"17":7,"18":7,"19":0,"20":0,"21":0,"22":0,"23":0,"24":0,"25":0,"26":0,"27":0,"28":7,"29":7,"30":0,"31":7},"f":{"0":7,"1":7,"2":0,"3":0},"b":{"0":[0,0],"1":[0,0]}},"C:\\Users\\georr\\devchat\\backend\\src\\services\\auth.service.ts":{"path":"C:\\Users\\georr\\devchat\\backend\\src\\services\\auth.service.ts","statementMap":{"0":{"start":{"line":4,"column":0},"end":{"line":4,"column":54}},"1":{"start":{"line":5,"column":0},"end":{"line":5,"column":35}},"2":{"start":{"line":6,"column":0},"end":{"line":6,"column":67}},"3":{"start":{"line":7,"column":0},"end":{"line":7,"column":45}},"4":{"start":{"line":13,"column":28},"end":{"line":22,"column":1}},"5":{"start":{"line":15,"column":18},"end":{"line":15,"column":53}},"6":{"start":{"line":16,"column":18},"end":{"line":16,"column":62}},"7":{"start":{"line":17,"column":1},"end":{"line":17,"column":46}},"8":{"start":{"line":17,"column":15},"end":{"line":17,"column":46}},"9":{"start":{"line":18,"column":22},"end":{"line":18,"column":50}},"10":{"start":{"line":19,"column":14},"end":{"line":19,"column":74}},"11":{"start":{"line":20,"column":15},"end":{"line":20,"column":40}},"12":{"start":{"line":21,"column":1},"end":{"line":21,"column":14}},"13":{"start":{"line":13,"column":13},"end":{"line":13,"column":28}},"14":{"start":{"line":28,"column":25},"end":{"line":36,"column":1}},"15":{"start":{"line":29,"column":18},"end":{"line":29,"column":53}},"16":{"start":{"line":30,"column":14},"end":{"line":30,"column":58}},"17":{"start":{"line":31,"column":1},"end":{"line":31,"column":51}},"18":{"start":{"line":31,"column":12},"end":{"line":31,"column":51}},"19":{"start":{"line":32,"column":15},"end":{"line":32,"column":66}},"20":{"start":{"line":33,"column":1},"end":{"line":33,"column":52}},"21":{"start":{"line":33,"column":13},"end":{"line":33,"column":52}},"22":{"start":{"line":34,"column":15},"end":{"line":34,"column":55}},"23":{"start":{"line":35,"column":1},"end":{"line":35,"column":24}},"24":{"start":{"line":28,"column":13},"end":{"line":28,"column":25}},"25":{"start":{"line":41,"column":36},"end":{"line":48,"column":1}},"26":{"start":{"line":42,"column":1},"end":{"line":44,"column":2}},"27":{"start":{"line":43,"column":2},"end":{"line":43,"column":45}},"28":{"start":{"line":45,"column":15},"end":{"line":45,"column":55}},"29":{"start":{"line":46,"column":21},"end":{"line":46,"column":72}},"30":{"start":{"line":47,"column":1},"end":{"line":47,"column":61}},"31":{"start":{"line":41,"column":13},"end":{"line":41,"column":36}}},"fnMap":{"0":{"name":"(anonymous_0)","decl":{"start":{"line":13,"column":28},"end":{"line":13,"column":33}},"loc":{"start":{"line":13,"column":106},"end":{"line":22,"column":1}}},"1":{"name":"(anonymous_1)","decl":{"start":{"line":28,"column":25},"end":{"line":28,"column":30}},"loc":{"start":{"line":28,"column":67},"end":{"line":36,"column":1}}},"2":{"name":"(anonymous_2)","decl":{"start":{"line":41,"column":36},"end":{"line":41,"column":37}},"loc":{"start":{"line":41,"column":107},"end":{"line":48,"column":1}}}},"branchMap":{"0":{"loc":{"start":{"line":17,"column":1},"end":{"line":17,"column":46}},"type":"if","locations":[{"start":{"line":17,"column":1},"end":{"line":17,"column":46}},{"start":{},"end":{}}]},"1":{"loc":{"start":{"line":31,"column":1},"end":{"line":31,"column":51}},"type":"if","locations":[{"start":{"line":31,"column":1},"end":{"line":31,"column":51}},{"start":{},"end":{}}]},"2":{"loc":{"start":{"line":33,"column":1},"end":{"line":33,"column":52}},"type":"if","locations":[{"start":{"line":33,"column":1},"end":{"line":33,"column":52}},{"start":{},"end":{}}]},"3":{"loc":{"start":{"line":42,"column":1},"end":{"line":44,"column":2}},"type":"if","locations":[{"start":{"line":42,"column":1},"end":{"line":44,"column":2}},{"start":{},"end":{}}]},"4":{"loc":{"start":{"line":42,"column":5},"end":{"line":42,"column":22}},"type":"binary-expr","locations":[{"start":{"line":42,"column":5},"end":{"line":42,"column":10}},{"start":{"line":42,"column":14},"end":{"line":42,"column":22}}]},"5":{"loc":{"start":{"line":46,"column":21},"end":{"line":46,"column":72}},"type":"binary-expr","locations":[{"start":{"line":46,"column":21},"end":{"line":46,"column":45}},{"start":{"line":46,"column":49},"end":{"line":46,"column":72}}]}},"s":{"0":8,"1":8,"2":8,"3":8,"4":8,"5":9,"6":9,"7":8,"8":1,"9":7,"10":7,"11":7,"12":7,"13":8,"14":8,"15":10,"16":10,"17":9,"18":1,"19":8,"20":8,"21":1,"22":7,"23":7,"24":8,"25":8,"26":2,"27":1,"28":1,"29":1,"30":1,"31":8},"f":{"0":9,"1":10,"2":2},"b":{"0":[1,7],"1":[1,8],"2":[1,7],"3":[1,1],"4":[2,1],"5":[1,0]}},"C:\\Users\\georr\\devchat\\backend\\src\\config\\data-source.ts":{"path":"C:\\Users\\georr\\devchat\\backend\\src\\config\\data-source.ts","statementMap":{"0":{"start":{"line":23,"column":0},"end":{"line":23,"column":16}},"1":{"start":{"line":1,"column":0},"end":{"line":1,"column":26}},"2":{"start":{"line":2,"column":0},"end":{"line":2,"column":37}},"3":{"start":{"line":3,"column":0},"end":{"line":3,"column":54}},"4":{"start":{"line":4,"column":0},"end":{"line":4,"column":28}},"5":{"start":{"line":6,"column":0},"end":{"line":6,"column":16}},"6":{"start":{"line":9,"column":13},"end":{"line":17,"column":3}},"7":{"start":{"line":25,"column":2},"end":{"line":34,"column":3}},"8":{"start":{"line":26,"column":28},"end":{"line":26,"column":62}},"9":{"start":{"line":27,"column":4},"end":{"line":33,"column":5}},"10":{"start":{"line":28,"column":6},"end":{"line":28,"column":101}},"11":{"start":{"line":29,"column":6},"end":{"line":29,"column":94}},"12":{"start":{"line":29,"column":85},"end":{"line":29,"column":91}},"13":{"start":{"line":30,"column":6},"end":{"line":30,"column":28}},"14":{"start":{"line":32,"column":6},"end":{"line":32,"column":69}},"15":{"start":{"line":37,"column":2},"end":{"line":37,"column":23}}},"fnMap":{"0":{"name":"getDataSource","decl":{"start":{"line":23,"column":16},"end":{"line":23,"column":29}},"loc":{"start":{"line":23,"column":29},"end":{"line":38,"column":1}}},"1":{"name":"(anonymous_2)","decl":{"start":{"line":29,"column":73},"end":{"line":29,"column":74}},"loc":{"start":{"line":29,"column":85},"end":{"line":29,"column":91}}}},"branchMap":{"0":{"loc":{"start":{"line":25,"column":2},"end":{"line":34,"column":3}},"type":"if","locations":[{"start":{"line":25,"column":2},"end":{"line":34,"column":3}},{"start":{},"end":{}}]},"1":{"loc":{"start":{"line":27,"column":4},"end":{"line":33,"column":5}},"type":"if","locations":[{"start":{"line":27,"column":4},"end":{"line":33,"column":5}},{"start":{"line":31,"column":11},"end":{"line":33,"column":5}}]}},"s":{"0":8,"1":8,"2":8,"3":8,"4":8,"5":8,"6":8,"7":43,"8":43,"9":43,"10":43,"11":43,"12":172,"13":43,"14":0,"15":0},"f":{"0":43,"1":172},"b":{"0":[43,0],"1":[43,0]}},"C:\\Users\\georr\\devchat\\backend\\src\\utils\\password.ts":{"path":"C:\\Users\\georr\\devchat\\backend\\src\\utils\\password.ts","statementMap":{"0":{"start":{"line":1,"column":0},"end":{"line":1,"column":28}},"1":{"start":{"line":3,"column":28},"end":{"line":6,"column":1}},"2":{"start":{"line":4,"column":21},"end":{"line":4,"column":23}},"3":{"start":{"line":5,"column":2},"end":{"line":5,"column":49}},"4":{"start":{"line":3,"column":13},"end":{"line":3,"column":28}},"5":{"start":{"line":8,"column":32},"end":{"line":10,"column":1}},"6":{"start":{"line":9,"column":2},"end":{"line":9,"column":46}},"7":{"start":{"line":8,"column":13},"end":{"line":8,"column":32}}},"fnMap":{"0":{"name":"(anonymous_1)","decl":{"start":{"line":3,"column":28},"end":{"line":3,"column":33}},"loc":{"start":{"line":3,"column":72},"end":{"line":6,"column":1}}},"1":{"name":"(anonymous_2)","decl":{"start":{"line":8,"column":32},"end":{"line":8,"column":37}},"loc":{"start":{"line":8,"column":91},"end":{"line":10,"column":1}}}},"branchMap":{},"s":{"0":8,"1":8,"2":7,"3":7,"4":8,"5":8,"6":8,"7":8},"f":{"0":7,"1":8},"b":{}},"C:\\Users\\georr\\devchat\\backend\\src\\utils\\jwt.ts":{"path":"C:\\Users\\georr\\devchat\\backend\\src\\utils\\jwt.ts","statementMap":{"0":{"start":{"line":1,"column":0},"end":{"line":1,"column":31}},"1":{"start":{"line":3,"column":19},"end":{"line":3,"column":58}},"2":{"start":{"line":5,"column":29},"end":{"line":7,"column":1}},"3":{"start":{"line":6,"column":2},"end":{"line":6,"column":54}},"4":{"start":{"line":5,"column":13},"end":{"line":5,"column":29}},"5":{"start":{"line":9,"column":27},"end":{"line":15,"column":1}},"6":{"start":{"line":10,"column":2},"end":{"line":14,"column":3}},"7":{"start":{"line":11,"column":4},"end":{"line":11,"column":41}},"8":{"start":{"line":13,"column":4},"end":{"line":13,"column":16}},"9":{"start":{"line":9,"column":13},"end":{"line":9,"column":27}}},"fnMap":{"0":{"name":"(anonymous_1)","decl":{"start":{"line":5,"column":29},"end":{"line":5,"column":30}},"loc":{"start":{"line":5,"column":66},"end":{"line":7,"column":1}}},"1":{"name":"(anonymous_2)","decl":{"start":{"line":9,"column":27},"end":{"line":9,"column":28}},"loc":{"start":{"line":9,"column":45},"end":{"line":15,"column":1}}}},"branchMap":{"0":{"loc":{"start":{"line":3,"column":19},"end":{"line":3,"column":58}},"type":"binary-expr","locations":[{"start":{"line":3,"column":19},"end":{"line":3,"column":41}},{"start":{"line":3,"column":45},"end":{"line":3,"column":58}}]}},"s":{"0":8,"1":8,"2":8,"3":8,"4":8,"5":8,"6":3,"7":3,"8":1,"9":8},"f":{"0":8,"1":3},"b":{"0":[8,0]}},"C:\\Users\\georr\\devchat\\backend\\src\\services\\tokenBlacklist.service.ts":{"path":"C:\\Users\\georr\\devchat\\backend\\src\\services\\tokenBlacklist.service.ts","statementMap":{"0":{"start":{"line":24,"column":0},"end":{"line":24,"column":7}},"1":{"start":{"line":72,"column":0},"end":{"line":72,"column":7}},"2":{"start":{"line":18,"column":0},"end":{"line":18,"column":64}},"3":{"start":{"line":19,"column":0},"end":{"line":19,"column":31}},"4":{"start":{"line":25,"column":2},"end":{"line":65,"column":3}},"5":{"start":{"line":27,"column":4},"end":{"line":31,"column":5}},"6":{"start":{"line":28,"column":6},"end":{"line":28,"column":71}},"7":{"start":{"line":29,"column":6},"end":{"line":29,"column":62}},"8":{"start":{"line":30,"column":6},"end":{"line":30,"column":13}},"9":{"start":{"line":34,"column":20},"end":{"line":34,"column":63}},"10":{"start":{"line":36,"column":4},"end":{"line":42,"column":5}},"11":{"start":{"line":38,"column":6},"end":{"line":40,"column":9}},"12":{"start":{"line":41,"column":6},"end":{"line":41,"column":13}},"13":{"start":{"line":45,"column":16},"end":{"line":45,"column":45}},"14":{"start":{"line":46,"column":16},"end":{"line":46,"column":33}},"15":{"start":{"line":48,"column":4},"end":{"line":58,"column":5}},"16":{"start":{"line":53,"column":6},"end":{"line":55,"column":9}},"17":{"start":{"line":57,"column":6},"end":{"line":57,"column":58}},"18":{"start":{"line":62,"column":4},"end":{"line":62,"column":54}},"19":{"start":{"line":64,"column":4},"end":{"line":64,"column":16}},"20":{"start":{"line":73,"column":2},"end":{"line":88,"column":3}},"21":{"start":{"line":75,"column":4},"end":{"line":78,"column":5}},"22":{"start":{"line":76,"column":6},"end":{"line":76,"column":76}},"23":{"start":{"line":77,"column":6},"end":{"line":77,"column":19}},"24":{"start":{"line":81,"column":19},"end":{"line":81,"column":65}},"25":{"start":{"line":82,"column":4},"end":{"line":82,"column":24}},"26":{"start":{"line":85,"column":4},"end":{"line":85,"column":60}},"27":{"start":{"line":87,"column":4},"end":{"line":87,"column":17}}},"fnMap":{"0":{"name":"blacklistToken","decl":{"start":{"line":24,"column":22},"end":{"line":24,"column":36}},"loc":{"start":{"line":24,"column":50},"end":{"line":66,"column":1}}},"1":{"name":"isTokenBlacklisted","decl":{"start":{"line":72,"column":22},"end":{"line":72,"column":40}},"loc":{"start":{"line":72,"column":54},"end":{"line":89,"column":1}}}},"branchMap":{"0":{"loc":{"start":{"line":27,"column":4},"end":{"line":31,"column":5}},"type":"if","locations":[{"start":{"line":27,"column":4},"end":{"line":31,"column":5}},{"start":{},"end":{}}]},"1":{"loc":{"start":{"line":36,"column":4},"end":{"line":42,"column":5}},"type":"if","locations":[{"start":{"line":36,"column":4},"end":{"line":42,"column":5}},{"start":{},"end":{}}]},"2":{"loc":{"start":{"line":36,"column":8},"end":{"line":36,"column":32}},"type":"binary-expr","locations":[{"start":{"line":36,"column":8},"end":{"line":36,"column":16}},{"start":{"line":36,"column":20},"end":{"line":36,"column":32}}]},"3":{"loc":{"start":{"line":48,"column":4},"end":{"line":58,"column":5}},"type":"if","locations":[{"start":{"line":48,"column":4},"end":{"line":58,"column":5}},{"start":{},"end":{}}]},"4":{"loc":{"start":{"line":75,"column":4},"end":{"line":78,"column":5}},"type":"if","locations":[{"start":{"line":75,"column":4},"end":{"line":78,"column":5}},{"start":{},"end":{}}]}},"s":{"0":7,"1":7,"2":7,"3":7,"4":3,"5":3,"6":1,"7":1,"8":1,"9":2,"10":2,"11":1,"12":1,"13":1,"14":1,"15":1,"16":1,"17":1,"18":0,"19":0,"20":12,"21":12,"22":10,"23":10,"24":2,"25":2,"26":0,"27":0},"f":{"0":3,"1":12},"b":{"0":[1,2],"1":[1,1],"2":[2,1],"3":[1,0],"4":[10,2]}},"C:\\Users\\georr\\devchat\\backend\\src\\config\\redis.ts":{"path":"C:\\Users\\georr\\devchat\\backend\\src\\config\\redis.ts","statementMap":{"0":{"start":{"line":56,"column":0},"end":{"line":56,"column":7}},"1":{"start":{"line":79,"column":0},"end":{"line":79,"column":7}},"2":{"start":{"line":92,"column":0},"end":{"line":92,"column":16}},"3":{"start":{"line":111,"column":0},"end":{"line":111,"column":7}},"4":{"start":{"line":130,"column":0},"end":{"line":130,"column":7}},"5":{"start":{"line":143,"column":0},"end":{"line":143,"column":7}},"6":{"start":{"line":157,"column":0},"end":{"line":157,"column":7}},"7":{"start":{"line":172,"column":0},"end":{"line":172,"column":7}},"8":{"start":{"line":11,"column":0},"end":{"line":11,"column":37}},"9":{"start":{"line":14,"column":13},"end":{"line":31,"column":3}},"10":{"start":{"line":22,"column":6},"end":{"line":26,"column":7}},"11":{"start":{"line":24,"column":8},"end":{"line":24,"column":77}},"12":{"start":{"line":25,"column":8},"end":{"line":25,"column":52}},"13":{"start":{"line":27,"column":6},"end":{"line":27,"column":68}},"14":{"start":{"line":28,"column":6},"end":{"line":28,"column":18}},"15":{"start":{"line":34,"column":0},"end":{"line":36,"column":3}},"16":{"start":{"line":35,"column":2},"end":{"line":35,"column":47}},"17":{"start":{"line":39,"column":0},"end":{"line":41,"column":3}},"18":{"start":{"line":40,"column":2},"end":{"line":40,"column":41}},"19":{"start":{"line":43,"column":0},"end":{"line":45,"column":3}},"20":{"start":{"line":44,"column":2},"end":{"line":44,"column":46}},"21":{"start":{"line":48,"column":0},"end":{"line":50,"column":3}},"22":{"start":{"line":49,"column":2},"end":{"line":49,"column":45}},"23":{"start":{"line":57,"column":2},"end":{"line":72,"column":3}},"24":{"start":{"line":59,"column":4},"end":{"line":62,"column":5}},"25":{"start":{"line":60,"column":6},"end":{"line":60,"column":49}},"26":{"start":{"line":61,"column":6},"end":{"line":61,"column":13}},"27":{"start":{"line":65,"column":4},"end":{"line":65,"column":32}},"28":{"start":{"line":66,"column":4},"end":{"line":66,"column":63}},"29":{"start":{"line":68,"column":4},"end":{"line":68,"column":58}},"30":{"start":{"line":69,"column":4},"end":{"line":69,"column":88}},"31":{"start":{"line":80,"column":2},"end":{"line":85,"column":3}},"32":{"start":{"line":81,"column":4},"end":{"line":81,"column":29}},"33":{"start":{"line":82,"column":4},"end":{"line":82,"column":56}},"34":{"start":{"line":84,"column":4},"end":{"line":84,"column":62}},"35":{"start":{"line":93,"column":2},"end":{"line":98,"column":3}},"36":{"start":{"line":95,"column":4},"end":{"line":95,"column":30}},"37":{"start":{"line":97,"column":4},"end":{"line":97,"column":17}},"38":{"start":{"line":116,"column":2},"end":{"line":122,"column":3}},"39":{"start":{"line":118,"column":4},"end":{"line":118,"column":52}},"40":{"start":{"line":120,"column":4},"end":{"line":120,"column":62}},"41":{"start":{"line":121,"column":4},"end":{"line":121,"column":16}},"42":{"start":{"line":131,"column":2},"end":{"line":136,"column":3}},"43":{"start":{"line":132,"column":4},"end":{"line":132,"column":38}},"44":{"start":{"line":134,"column":4},"end":{"line":134,"column":60}},"45":{"start":{"line":135,"column":4},"end":{"line":135,"column":16}},"46":{"start":{"line":144,"column":2},"end":{"line":148,"column":3}},"47":{"start":{"line":145,"column":4},"end":{"line":145,"column":31}},"48":{"start":{"line":147,"column":4},"end":{"line":147,"column":60}},"49":{"start":{"line":158,"column":2},"end":{"line":164,"column":3}},"50":{"start":{"line":160,"column":4},"end":{"line":160,"column":39}},"51":{"start":{"line":162,"column":4},"end":{"line":162,"column":61}},"52":{"start":{"line":163,"column":4},"end":{"line":163,"column":16}},"53":{"start":{"line":173,"column":2},"end":{"line":177,"column":3}},"54":{"start":{"line":174,"column":4},"end":{"line":174,"column":46}},"55":{"start":{"line":176,"column":4},"end":{"line":176,"column":63}}},"fnMap":{"0":{"name":"(anonymous_0)","decl":{"start":{"line":21,"column":23},"end":{"line":21,"column":24}},"loc":{"start":{"line":21,"column":35},"end":{"line":29,"column":5}}},"1":{"name":"(anonymous_1)","decl":{"start":{"line":34,"column":24},"end":{"line":34,"column":25}},"loc":{"start":{"line":34,"column":32},"end":{"line":36,"column":1}}},"2":{"name":"(anonymous_2)","decl":{"start":{"line":39,"column":26},"end":{"line":39,"column":29}},"loc":{"start":{"line":39,"column":31},"end":{"line":41,"column":1}}},"3":{"name":"(anonymous_3)","decl":{"start":{"line":43,"column":24},"end":{"line":43,"column":27}},"loc":{"start":{"line":43,"column":29},"end":{"line":45,"column":1}}},"4":{"name":"(anonymous_4)","decl":{"start":{"line":48,"column":22},"end":{"line":48,"column":25}},"loc":{"start":{"line":48,"column":27},"end":{"line":50,"column":1}}},"5":{"name":"connectRedis","decl":{"start":{"line":56,"column":22},"end":{"line":56,"column":34}},"loc":{"start":{"line":56,"column":34},"end":{"line":73,"column":1}}},"6":{"name":"disconnectRedis","decl":{"start":{"line":79,"column":22},"end":{"line":79,"column":37}},"loc":{"start":{"line":79,"column":37},"end":{"line":86,"column":1}}},"7":{"name":"isRedisConnected","decl":{"start":{"line":92,"column":16},"end":{"line":92,"column":32}},"loc":{"start":{"line":92,"column":32},"end":{"line":99,"column":1}}},"8":{"name":"setWithExpiry","decl":{"start":{"line":111,"column":22},"end":{"line":111,"column":35}},"loc":{"start":{"line":114,"column":20},"end":{"line":123,"column":1}}},"9":{"name":"get","decl":{"start":{"line":130,"column":22},"end":{"line":130,"column":25}},"loc":{"start":{"line":130,"column":37},"end":{"line":137,"column":1}}},"10":{"name":"del","decl":{"start":{"line":143,"column":22},"end":{"line":143,"column":25}},"loc":{"start":{"line":143,"column":37},"end":{"line":149,"column":1}}},"11":{"name":"increment","decl":{"start":{"line":157,"column":22},"end":{"line":157,"column":31}},"loc":{"start":{"line":157,"column":43},"end":{"line":165,"column":1}}},"12":{"name":"expire","decl":{"start":{"line":172,"column":22},"end":{"line":172,"column":28}},"loc":{"start":{"line":172,"column":60},"end":{"line":178,"column":1}}}},"branchMap":{"0":{"loc":{"start":{"line":16,"column":7},"end":{"line":16,"column":56}},"type":"binary-expr","locations":[{"start":{"line":16,"column":7},"end":{"line":16,"column":28}},{"start":{"line":16,"column":32},"end":{"line":16,"column":56}}]},"1":{"loc":{"start":{"line":22,"column":6},"end":{"line":26,"column":7}},"type":"if","locations":[{"start":{"line":22,"column":6},"end":{"line":26,"column":7}},{"start":{},"end":{}}]},"2":{"loc":{"start":{"line":59,"column":4},"end":{"line":62,"column":5}},"type":"if","locations":[{"start":{"line":59,"column":4},"end":{"line":62,"column":5}},{"start":{},"end":{}}]}},"s":{"0":7,"1":7,"2":7,"3":7,"4":7,"5":7,"6":7,"7":7,"8":7,"9":7,"10":0,"11":0,"12":0,"13":0,"14":0,"15":7,"16":0,"17":7,"18":0,"19":7,"20":0,"21":7,"22":0,"23":0,"24":0,"25":0,"26":0,"27":0,"28":0,"29":0,"30":0,"31":0,"32":0,"33":0,"34":0,"35":66,"36":66,"37":0,"38":0,"39":0,"40":0,"41":0,"42":0,"43":0,"44":0,"45":0,"46":0,"47":0,"48":0,"49":0,"50":0,"51":0,"52":0,"53":0,"54":0,"55":0},"f":{"0":0,"1":0,"2":0,"3":0,"4":0,"5":0,"6":0,"7":66,"8":0,"9":0,"10":0,"11":0,"12":0},"b":{"0":[7,0],"1":[0,0],"2":[0,0]}},"C:\\Users\\georr\\devchat\\backend\\src\\middleware\\passport.ts":{"path":"C:\\Users\\georr\\devchat\\backend\\src\\middleware\\passport.ts","statementMap":{"0":{"start":{"line":1,"column":0},"end":{"line":1,"column":32}},"1":{"start":{"line":2,"column":0},"end":{"line":2,"column":78}},"2":{"start":{"line":3,"column":0},"end":{"line":3,"column":54}},"3":{"start":{"line":4,"column":0},"end":{"line":4,"column":40}},"4":{"start":{"line":6,"column":0},"end":{"line":33,"column":2}},"5":{"start":{"line":19,"column":23},"end":{"line":19,"column":58}},"6":{"start":{"line":20,"column":17},"end":{"line":20,"column":67}},"7":{"start":{"line":21,"column":6},"end":{"line":29,"column":7}},"8":{"start":{"line":22,"column":8},"end":{"line":27,"column":11}},"9":{"start":{"line":28,"column":8},"end":{"line":28,"column":34}},"10":{"start":{"line":30,"column":6},"end":{"line":30,"column":30}},"11":{"start":{"line":35,"column":0},"end":{"line":37,"column":3}},"12":{"start":{"line":36,"column":2},"end":{"line":36,"column":22}},"13":{"start":{"line":39,"column":0},"end":{"line":43,"column":3}},"14":{"start":{"line":40,"column":19},"end":{"line":40,"column":54}},"15":{"start":{"line":41,"column":15},"end":{"line":41,"column":47}},"16":{"start":{"line":42,"column":2},"end":{"line":42,"column":19}},"17":{"start":{"line":45,"column":0},"end":{"line":45,"column":24}}},"fnMap":{"0":{"name":"(anonymous_1)","decl":{"start":{"line":13,"column":4},"end":{"line":13,"column":9}},"loc":{"start":{"line":18,"column":8},"end":{"line":31,"column":5}}},"1":{"name":"(anonymous_2)","decl":{"start":{"line":35,"column":23},"end":{"line":35,"column":24}},"loc":{"start":{"line":35,"column":73},"end":{"line":37,"column":1}}},"2":{"name":"(anonymous_3)","decl":{"start":{"line":39,"column":25},"end":{"line":39,"column":30}},"loc":{"start":{"line":39,"column":84},"end":{"line":43,"column":1}}}},"branchMap":{"0":{"loc":{"start":{"line":9,"column":16},"end":{"line":9,"column":71}},"type":"binary-expr","locations":[{"start":{"line":9,"column":16},"end":{"line":9,"column":44}},{"start":{"line":9,"column":48},"en
[...]
t":{"line":59,"column":21},"end":{"line":59,"column":64}},"25":{"start":{"line":60,"column":4},"end":{"line":60,"column":27}},"26":{"start":{"line":62,"column":4},"end":{"line":62,"column":69}}},"fnMap":{"0":{"name":"getAvailableAvatars","decl":{"start":{"line":8,"column":22},"end":{"line":8,"column":41}},"loc":{"start":{"line":8,"column":69},"end":{"line":18,"column":1}}},"1":{"name":"selectAvatar","decl":{"start":{"line":20,"column":22},"end":{"line":20,"column":34}},"loc":{"start":{"line":20,"column":62},"end":{"line":47,"column":1}}},"2":{"name":"serveAvatar","decl":{"start":{"line":50,"column":22},"end":{"line":50,"column":33}},"loc":{"start":{"line":50,"column":61},"end":{"line":64,"column":1}}}},"branchMap":{"0":{"loc":{"start":{"line":25,"column":4},"end":{"line":31,"column":5}},"type":"if","locations":[{"start":{"line":25,"column":4},"end":{"line":31,"column":5}},{"start":{},"end":{}}]},"1":{"loc":{"start":{"line":54,"column":4},"end":{"line":57,"column":5}},"type":"if","locations":[{"start":{"line":54,"column":4},"end":{"line":57,"column":5}},{"start":{},"end":{}}]}},"s":{"0":7,"1":7,"2":7,"3":7,"4":7,"5":7,"6":1,"7":1,"8":1,"9":0,"10":1,"11":1,"12":1,"13":1,"14":0,"15":0,"16":1,"17":1,"18":0,"19":0,"20":0,"21":0,"22":0,"23":0,"24":0,"25":0,"26":0},"f":{"0":1,"1":1,"2":0},"b":{"0":[0,1],"1":[0,0]}},"C:\\Users\\georr\\devchat\\backend\\src\\services\\avatar.service.ts":{"path":"C:\\Users\\georr\\devchat\\backend\\src\\services\\avatar.service.ts","statementMap":{"0":{"start":{"line":2,"column":0},"end":{"line":2,"column":20}},"1":{"start":{"line":3,"column":0},"end":{"line":3,"column":24}},"2":{"start":{"line":4,"column":0},"end":{"line":4,"column":54}},"3":{"start":{"line":5,"column":0},"end":{"line":5,"column":40}},"4":{"start":{"line":6,"column":0},"end":{"line":6,"column":59}},"5":{"start":{"line":16,"column":10},"end":{"line":16,"column":63}},"6":{"start":{"line":18,"column":10},"end":{"line":18,"column":75}},"7":{"start":{"line":19,"column":10},"end":{"line":19,"column":70}},"8":{"start":{"line":24,"column":4},"end":{"line":31,"column":6}},"9":{"start":{"line":27,"column":30},"end":{"line":27,"column":59}},"10":{"start":{"line":28,"column":8},"end":{"line":28,"column":34}},"11":{"start":{"line":36,"column":4},"end":{"line":54,"column":5}},"12":{"start":{"line":37,"column":6},"end":{"line":37,"column":70}},"13":{"start":{"line":38,"column":20},"end":{"line":38,"column":58}},"14":{"start":{"line":39,"column":6},"end":{"line":39,"column":44}},"15":{"start":{"line":41,"column":6},"end":{"line":50,"column":12}},"16":{"start":{"line":42,"column":24},"end":{"line":42,"column":70}},"17":{"start":{"line":43,"column":24},"end":{"line":43,"column":48}},"18":{"start":{"line":44,"column":22},"end":{"line":50,"column":10}},"19":{"start":{"line":52,"column":6},"end":{"line":52,"column":62}},"20":{"start":{"line":53,"column":6},"end":{"line":53,"column":16}},"21":{"start":{"line":61,"column":20},"end":{"line":61,"column":52}},"22":{"start":{"line":62,"column":27},"end":{"line":62,"column":63}},"23":{"start":{"line":62,"column":45},"end":{"line":62,"column":62}},"24":{"start":{"line":64,"column":4},"end":{"line":66,"column":5}},"25":{"start":{"line":65,"column":6},"end":{"line":65,"column":47}},"26":{"start":{"line":68,"column":17},"end":{"line":68,"column":77}},"27":{"start":{"line":69,"column":4},"end":{"line":71,"column":5}},"28":{"start":{"line":70,"column":6},"end":{"line":70,"column":45}},"29":{"start":{"line":73,"column":4},"end":{"line":73,"column":40}},"30":{"start":{"line":74,"column":4},"end":{"line":74,"column":41}},"31":{"start":{"line":77,"column":4},"end":{"line":77,"column":43}},"32":{"start":{"line":79,"column":4},"end":{"line":79,"column":16}},"33":{"start":{"line":84,"column":21},"end":{"line":84,"column":64}},"34":{"start":{"line":86,"column":4},"end":{"line":88,"column":5}},"35":{"start":{"line":87,"column":6},"end":{"line":87,"column":53}},"36":{"start":{"line":90,"column":4},"end":{"line":90,"column":20}},"37":{"start":{"line":95,"column":27},"end":{"line":95,"column":63}},"38":{"start":{"line":98,"column":4},"end":{"line":106,"column":5}},"39":{"start":{"line":99,"column":28},"end":{"line":104,"column":18}},"40":{"start":{"line":103,"column":21},"end":{"line":103,"column":65}},"41":{"start":{"line":105,"column":6},"end":{"line":105,"column":27}},"42":{"start":{"line":109,"column":4},"end":{"line":112,"column":5}},"43":{"start":{"line":110,"column":21},"end":{"line":110,"column":57}},"44":{"start":{"line":111,"column":6},"end":{"line":111,"column":32}},"45":{"start":{"line":115,"column":4},"end":{"line":115,"column":84}},"46":{"start":{"line":115,"column":67},"end":{"line":115,"column":82}},"47":{"start":{"line":15,"column":0},"end":{"line":15,"column":13}}},"fnMap":{"0":{"name":"(anonymous_1)","decl":{"start":{"line":15,"column":0},"end":{"line":15,"column":13}},"loc":{"start":{"line":15,"column":0},"end":{"line":117,"column":1}}},"1":{"name":"(anonymous_2)","decl":{"start":{"line":23,"column":2},"end":{"line":23,"column":7}},"loc":{"start":{"line":23,"column":27},"end":{"line":32,"column":3}}},"2":{"name":"(anonymous_3)","decl":{"start":{"line":26,"column":6},"end":{"line":26,"column":11}},"loc":{"start":{"line":26,"column":17},"end":{"line":29,"column":7}}},"3":{"name":"(anonymous_4)","decl":{"start":{"line":35,"column":2},"end":{"line":35,"column":7}},"loc":{"start":{"line":35,"column":24},"end":{"line":55,"column":3}}},"4":{"name":"(anonymous_5)","decl":{"start":{"line":42,"column":16},"end":{"line":42,"column":20}},"loc":{"start":{"line":42,"column":24},"end":{"line":42,"column":70}}},"5":{"name":"(anonymous_6)","decl":{"start":{"line":43,"column":16},"end":{"line":43,"column":20}},"loc":{"start":{"line":43,"column":24},"end":{"line":43,"column":48}}},"6":{"name":"(anonymous_7)","decl":{"start":{"line":44,"column":13},"end":{"line":44,"column":17}},"loc":{"start":{"line":44,"column":22},"end":{"line":50,"column":10}}},"7":{"name":"(anonymous_8)","decl":{"start":{"line":60,"column":2},"end":{"line":60,"column":7}},"loc":{"start":{"line":60,"column":53},"end":{"line":80,"column":3}}},"8":{"name":"(anonymous_9)","decl":{"start":{"line":62,"column":40},"end":{"line":62,"column":41}},"loc":{"start":{"line":62,"column":45},"end":{"line":62,"column":62}}},"9":{"name":"(anonymous_10)","decl":{"start":{"line":83,"column":2},"end":{"line":83,"column":7}},"loc":{"start":{"line":83,"column":38},"end":{"line":91,"column":3}}},"10":{"name":"(anonymous_11)","decl":{"start":{"line":94,"column":10},"end":{"line":94,"column":24}},"loc":{"start":{"line":94,"column":41},"end":{"line":116,"column":3}}},"11":{"name":"(anonymous_12)","decl":{"start":{"line":103,"column":13},"end":{"line":103,"column":17}},"loc":{"start":{"line":103,"column":21},"end":{"line":103,"column":65}}},"12":{"name":"(anonymous_13)","decl":{"start":{"line":115,"column":62},"end":{"line":115,"column":63}},"loc":{"start":{"line":115,"column":67},"end":{"line":115,"column":82}}}},"branchMap":{"0":{"loc":{"start":{"line":42,"column":24},"end":{"line":42,"column":70}},"type":"binary-expr","locations":[{"start":{"line":42,"column":24},"end":{"line":42,"column":45}},{"start":{"line":42,"column":49},"end":{"line":42,"column":70}}]},"1":{"loc":{"start":{"line":64,"column":4},"end":{"line":66,"column":5}},"type":"if","locations":[{"start":{"line":64,"column":4},"end":{"line":66,"column":5}},{"start":{},"end":{}}]},"2":{"loc":{"start":{"line":69,"column":4},"end":{"line":71,"column":5}},"type":"if","locations":[{"start":{"line":69,"column":4},"end":{"line":71,"column":5}},{"start":{},"end":{}}]},"3":{"loc":{"start":{"line":86,"column":4},"end":{"line":88,"column":5}},"type":"if","locations":[{"start":{"line":86,"column":4},"end":{"line":88,"column":5}},{"start":{},"end":{}}]},"4":{"loc":{"start":{"line":98,"column":4},"end":{"line":106,"column":5}},"type":"if","locations":[{"start":{"line":98,"column":4},"end":{"line":106,"column":5}},{"start":{},"end":{}}]},"5":{"loc":{"start":{"line":109,"column":4},"end":{"line":112,"column":5}},"type":"if","locations":[{"start":{"line":109,"column":4},"end":{"line":112,"column":5}},{"start":{},"end":{}}]}},"s":{"0":8,"1":8,"2":8,"3":8,"4":8,"5":12,"6":12,"7":12,"8":5,"9":5,"10":5,"11":6,"12":6,"13":6,"14":6,"15":6,"16":73,"17":69,"18":69,"19":0,"20":0,"21":3,"22":3,"23":3,"24":3,"25":1,"26":2,"27":2,"28":0,"29":2,"30":2,"31":2,"32":2,"33":2,"34":2,"35":1,"36":1,"37":69,"38":69,"39":49,"40":63,"41":49,"42":20,"43":20,"44":20,"45":0,"46":0,"47":8},"f":{"0":12,"1":5,"2":5,"3":6,"4":73,"5":69,"6":69,"7":3,"8":3,"9":2,"10":69,"11":63,"12":0},"b":{"0":[73,21],"1":[1,2],"2":[0,2],"3":[1,1],"4":[49,20],"5":[20,0]}},"C:\\Users\\georr\\devchat\\backend\\src\\sockets\\index.ts":{"path":"C:\\Users\\georr\\devchat\\backend\\src\\sockets\\index.ts","statementMap":{"0":{"start":{"line":16,"column":0},"end":{"line":16,"column":16}},"1":{"start":{"line":1,"column":0},"end":{"line":1,"column":35}},"2":{"start":{"line":3,"column":0},"end":{"line":3,"column":43}},"3":{"start":{"line":4,"column":0},"end":{"line":4,"column":54}},"4":{"start":{"line":5,"column":0},"end":{"line":5,"column":40}},"5":{"start":{"line":7,"column":0},"end":{"line":7,"column":47}},"6":{"start":{"line":8,"column":0},"end":{"line":8,"column":53}},"7":{"start":{"line":9,"column":0},"end":{"line":9,"column":51}},"8":{"start":{"line":17,"column":13},"end":{"line":22,"column":4}},"9":{"start":{"line":24,"column":2},"end":{"line":24,"column":42}},"10":{"start":{"line":27,"column":2},"end":{"line":101,"column":5}},"11":{"start":{"line":28,"column":4},"end":{"line":28,"column":55}},"12":{"start":{"line":30,"column":4},"end":{"line":100,"column":5}},"13":{"start":{"line":32,"column":20},"end":{"line":32,"column":47}},"14":{"start":{"line":34,"column":6},"end":{"line":42,"column":7}},"15":{"start":{"line":35,"column":8},"end":{"line":35,"column":36}},"16":{"start":{"line":36,"column":8},"end":{"line":39,"column":11}},"17":{"start":{"line":40,"column":8},"end":{"line":40,"column":28}},"18":{"start":{"line":41,"column":8},"end":{"line":41,"column":15}},"19":{"start":{"line":45,"column":22},"end":{"line":45,"column":40}},"20":{"start":{"line":46,"column":6},"end":{"line":54,"column":7}},"21":{"start":{"line":47,"column":8},"end":{"line":47,"column":41}},"22":{"start":{"line":48,"column":8},"end":{"line":51,"column":11}},"23":{"start":{"line":52,"column":8},"end":{"line":52,"column":28}},"24":{"start":{"line":53,"column":8},"end":{"line":53,"column":15}},"25":{"start":{"line":56,"column":22},"end":{"line":56,"column":44}},"26":{"start":{"line":57,"column":6},"end":{"line":65,"column":7}},"27":{"start":{"line":58,"column":8},"end":{"line":58,"column":46}},"28":{"start":{"line":59,"column":8},"end":{"line":62,"column":11}},"29":{"start":{"line":63,"column":8},"end":{"line":63,"column":28}},"30":{"start":{"line":64,"column":8},"end":{"line":64,"column":15}},"31":{"start":{"line":68,"column":23},"end":{"line":68,"column":58}},"32":{"start":{"line":69,"column":19},"end":{"line":69,"column":68}},"33":{"start":{"line":71,"column":6},"end":{"line":79,"column":7}},"34":{"start":{"line":72,"column":8},"end":{"line":72,"column":42}},"35":{"start":{"line":73,"column":8},"end":{"line":76,"column":11}},"36":{"start":{"line":77,"column":8},"end":{"line":77,"column":28}},"37":{"start":{"line":78,"column":8},"end":{"line":78,"column":15}},"38":{"start":{"line":82,"column":7},"end":{"line":82,"column":50}},"39":{"start":{"line":83,"column":6},"end":{"line":83,"column":56}},"40":{"start":{"line":86,"column":25},"end":{"line":86,"column":54}},"41":{"start":{"line":87,"column":6},"end":{"line":87,"column":38}},"42":{"start":{"line":88,"column":6},"end":{"line":88,"column":41}},"43":{"start":{"line":89,"column":6},"end":{"line":89,"column":42}},"44":{"start":{"line":91,"column":6},"end":{"line":91,"column":70}},"45":{"start":{"line":94,"column":6},"end":{"line":94,"column":46}},"46":{"start":{"line":95,"column":6},"end":{"line":98,"column":9}},"47":{"start":{"line":99,"column":6},"end":{"line":99,"column":26}},"48":{"start":{"line":103,"column":2},"end":{"line":103,"column":12}}},"fnMap":{"0":{"name":"initializeSocket","decl":{"start":{"line":16,"column":16},"end":{"line":16,"column":32}},"loc":{"start":{"line":16,"column":55},"end":{"line":104,"column":1}}},"1":{"name":"(anonymous_1)","decl":{"start":{"line":27,"column":22},"end":{"line":27,"column":27}},"loc":{"start":{"line":27,"column":39},"end":{"line":101,"column":3}}}},"branchMap":{"0":{"loc":{"start":{"line":34,"column":6},"end":{"line":42,"column":7}},"type":"if","locations":[{"start":{"line":34,"column":6},"end":{"line":42,"column":7}},{"start":{},"end":{}}]},"1":{"loc":{"start":{"line":46,"column":6},"end":{"line":54,"column":7}},"type":"if","locations":[{"start":{"line":46,"column":6},"end":{"line":54,"column":7}},{"start":{},"end":{}}]},"2":{"loc":{"start":{"line":46,"column":10},"end":{"line":46,"column":49}},"type":"binary-expr","locations":[{"start":{"line":46,"column":10},"end":{"line":46,"column":18}},{"start":{"line":46,"column":22},"end":{"line":46,"column":49}}]},"3":{"loc":{"start":{"line":57,"column":6},"end":{"line":65,"column":7}},"type":"if","locations":[{"start":{"line":57,"column":6},"end":{"line":65,"column":7}},{"start":{},"end":{}}]},"4":{"loc":{"start":{"line":71,"column":6},"end":{"line":79,"column":7}},"type":"if","locations":[{"start":{"line":71,"column":6},"end":{"line":79,"column":7}},{"start":{},"end":{}}]}},"s":{"0":1,"1":1,"2":1,"3":1,"4":1,"5":1,"6":1,"7":1,"8":1,"9":1,"10":1,"11":2,"12":2,"13":2,"14":2,"15":1,"16":1,"17":1,"18":1,"19":1,"20":1,"21":0,"22":0,"23":0,"24":0,"25":1,"26":1,"27":0,"28":0,"29":0,"30":0,"31":1,"32":1,"33":1,"34":0,"35":0,"36":0,"37":0,"38":1,"39":1,"40":1,"41":1,"42":1,"43":1,"44":1,"45":0,"46":0,"47":0,"48":1},"f":{"0":1,"1":2},"b":{"0":[1,1],"1":[0,1],"2":[1,1],"3":[0,1],"4":[0,1]}},"C:\\Users\\georr\\devchat\\backend\\src\\sockets\\messageSocket.ts":{"path":"C:\\Users\\georr\\devchat\\backend\\src\\sockets\\messageSocket.ts","statementMap":{"0":{"start":{"line":9,"column":0},"end":{"line":9,"column":16}},"1":{"start":{"line":1,"column":0},"end":{"line":1,"column":60}},"2":{"start":{"line":10,"column":15},"end":{"line":10,"column":26}},"3":{"start":{"line":12,"column":2},"end":{"line":12,"column":63}},"4":{"start":{"line":15,"column":2},"end":{"line":51,"column":5}},"5":{"start":{"line":16,"column":4},"end":{"line":50,"column":5}},"6":{"start":{"line":17,"column":6},"end":{"line":17,"column":85}},"7":{"start":{"line":20,"column":27},"end":{"line":24,"column":8}},"8":{"start":{"line":27,"column":47},"end":{"line":34,"column":8}},"9":{"start":{"line":37,"column":23},"end":{"line":37,"column":52}},"10":{"start":{"line":38,"column":6},"end":{"line":38,"column":59}},"11":{"start":{"line":40,"column":6},"end":{"line":40,"column":58}},"12":{"start":{"line":43,"column":6},"end":{"line":43,"column":65}},"13":{"start":{"line":45,"column":35},"end":{"line":48,"column":8}},"14":{"start":{"line":49,"column":6},"end":{"line":49,"column":38}}},"fnMap":{"0":{"name":"setupMessageSocket","decl":{"start":{"line":9,"column":16},"end":{"line":9,"column":34}},"loc":{"start":{"line":9,"column":80},"end":{"line":52,"column":1}}},"1":{"name":"(anonymous_1)","decl":{"start":{"line":15,"column":27},"end":{"line":15,"column":32}},"loc":{"start":{"line":15,"column":59},"end":{"line":51,"column":3}}}},"branchMap":{"0":{"loc":{"start":{"line":47,"column":17},"end":{"line":47,"column":68}},"type":"binary-expr","locations":[{"start":{"line":47,"column":17},"end":{"line":47,"column":30}},{"start":{"line":47,"column":34},"end":{"line":47,"column":68}}]}},"s":{"0":3,"1":3,"2":3,"3":3,"4":3,"5":2,"6":2,"7":2,"8":1,"9":1,"10":1,"11":1,"12":1,"13":1,"14":1},"f":{"0":3,"1":2},"b":{"0":[1,0]}},"C:\\Users\\georr\\devchat\\backend\\src\\sockets\\chatSocket.ts":{"path":"C:\\Users\\georr\\devchat\\backend\\src\\sockets\\chatSocket.ts","statementMap":{"0":{"start":{"line":10,"column":0},"end":{"line":10,"column":16}},"1":{"start":{"line":1,"column":0},"end":{"line":1,"column":54}},"2":{"start":{"line":2,"column":0},"end":{"line":2,"column":48}},"3":{"start":{"line":11,"column":15},"end":{"line":11,"column":26}},"4":{"start":{"line":13,"column":2},"end":{"line":13,"column":64}},"5":{"start":{"line":16,"column":2},"end":{"line":76,"column":5}},"6":{"start":{"line":17,"column":4},"end":{"line":75,"column":5}},"7":{"start":{"line":18,"column":6},"end":{"line":18,"column":73}},"8":{"start":{"line":21,"column":27},"end":{"line":21,"column":66}},"9":{"start":{"line":22,"column":23},"end":{"line":25,"column":8}},"10":{"start":{"line":27,"column":6},"end":{"line":34,"column":7}},"11":{"start":{"line":28,"column":33},"end":{"line":31,"column":10}},"12":{"start":{"line":32,"column":8},"end":{"line":32,"column":36}},"13":{"start":{"line":33,"column":8},"end":{"line":33,"column":15}},"14":{"start":{"line":37,"column":23},"end":{"line":37,"column":72}},"15":{"start":{"line":37,"column":55},"end":{"line":37,"column":71}},"16":{"start":{"line":38,"column":6},"end":{"line":45,"column":7}},"17":{"start":{"line":39,"column":33},"end":{"line":42,"column":10}},"18":{"start":{"line":43,"column":8},"end":{"line":43,"column":36}},"19":{"start":{"line":44,"column":8},"end":{"line":44,"column":15}},"20":{"start":{"line":48,"column":23},"end":{"line":48,"column":48}},"21":{"start":{"line":49,"column":6},"end":{"line":49,"column":34}},"22":{"start":{"line":52,"column":41},"end":{"line":55,"column":8}},"23":{"start":{"line":56,"column":6},"end":{"line":56,"column":44}},"24":{"start":{"line":59,"column":49},"end":{"line":63,"column":8}},"25":{"start":{"line":64,"column":6},"end":{"line":64,"column":65}},"26":{"start":{"line":66,"column":6},"end":{"line":66,"column":66}},"27":{"start":{"line":69,"column":6},"end":{"line":69,"column":54}},"28":{"start":{"line":70,"column":35},"end":{"line":73,"column":8}},"29":{"start":{"line":74,"column":6},"end":{"line":74,"column":38}},"30":{"start":{"line":79,"column":2},"end":{"line":99,"column":5}},"31":{"start":{"line":80,"column":4},"end":{"line":98,"column":5}},"32":{"start":{"line":81,"column":6},"end":{"line":81,"column":74}},"33":{"start":{"line":83,"column":23},"end":{"line":83,"column":52}},"34":{"start":{"line":84,"column":6},"end":{"line":84,"column":35}},"35":{"start":{"line":87,"column":45},"end":{"line":91,"column":8}},"36":{"start":{"line":92,"column":6},"end":{"line":92,"column":61}},"37":{"start":{"line":94,"column":6},"end":{"line":94,"column":52}},"38":{"start":{"line":97,"column":6},"end":{"line":97,"column":54}}},"fnMap":{"0":{"name":"setupChatRoomSocket","decl":{"start":{"line":10,"column":16},"end":{"line":10,"column":35}},"loc":{"start":{"line":10,"column":81},"end":{"line":100,"column":1}}},"1":{"name":"(anonymous_1)","decl":{"start":{"line":16,"column":24},"end":{"line":16,"column":29}},"loc":{"start":{"line":16,"column":53},"end":{"line":76,"column":3}}},"2":{"name":"(anonymous_2)","decl":{"start":{"line":37,"column":50},"end":{"line":37,"column":51}},"loc":{"start":{"line":37,"column":55},"end":{"line":37,"column":71}}},"3":{"name":"(anonymous_3)","decl":{"start":{"line":79,"column":25},"end":{"line":79,"column":30}},"loc":{"start":{"line":79,"column":55},"end":{"line":99,"column":3}}}},"branchMap":{"0":{"loc":{"start":{"line":27,"column":6},"end":{"line":34,"column":7}},"type":"if","locations":[{"start":{"line":27,"column":6},"end":{"line":34,"column":7}},{"start":{},"end":{}}]},"1":{"loc":{"start":{"line":38,"column":6},"end":{"line":45,"column":7}},"type":"if","locations":[{"start":{"line":38,"column":6},"end":{"line":45,"column":7}},{"start":{},"end":{}}]}},"s":{"0":1,"1":1,"2":1,"3":1,"4":1,"5":1,"6":2,"7":2,"8":2,"9":2,"10":2,"11":1,"12":1,"13":1,"14":1,"15":1,"16":1,"17":0,"18":0,"19":0,"20":1,"21":1,"22":1,"23":1,"24":1,"25":1,"26":1,"27":0,"28":0,"29":0,"30":1,"31":0,"32":0,"33":0,"34":0,"35":0,"36":0,"37":0,"38":0},"f":{"0":1,"1":2,"2":1,"3":0},"b":{"0":[1,1],"1":[0,1]}}}}
